2018-10-13 12:02:36,693 INFO [org.geoserver] - GeoServer configuration lock is enabled
2018-10-13 12:02:36,833 INFO [org.geoserver] - Loaded style 'grass'
2018-10-13 12:02:36,834 INFO [org.geoserver] - Loaded style 'pophatch'
2018-10-13 12:02:36,836 INFO [org.geoserver] - Loaded style 'polygon'
2018-10-13 12:02:36,840 INFO [org.geoserver] - Loaded style 'raster'
2018-10-13 12:02:36,841 INFO [org.geoserver] - Loaded style 'line'
2018-10-13 12:02:36,843 INFO [org.geoserver] - Loaded style 'capitals'
2018-10-13 12:02:36,847 INFO [org.geoserver] - Loaded style 'dem'
2018-10-13 12:02:36,849 INFO [org.geoserver] - Loaded style 'tiger_roads'
2018-10-13 12:02:36,850 INFO [org.geoserver] - Loaded style 'population'
2018-10-13 12:02:36,851 INFO [org.geoserver] - Loaded style 'giant_polygon'
2018-10-13 12:02:36,852 INFO [org.geoserver] - Loaded style 'style_heatmap'
2018-10-13 12:02:36,853 INFO [org.geoserver] - Loaded style 'simple_roads'
2018-10-13 12:02:36,855 INFO [org.geoserver] - Loaded style 'green'
2018-10-13 12:02:36,857 INFO [org.geoserver] - Loaded style 'poi'
2018-10-13 12:02:36,859 INFO [org.geoserver] - Loaded style 'grid_1001'
2018-10-13 12:02:36,863 INFO [org.geoserver] - Loaded style 'generic'
2018-10-13 12:02:36,864 INFO [org.geoserver] - Loaded style 'restricted'
2018-10-13 12:02:36,865 INFO [org.geoserver] - Loaded style 'simple_streams'
2018-10-13 12:02:36,868 INFO [org.geoserver] - Loaded style 'point'
2018-10-13 12:02:36,869 INFO [org.geoserver] - Loaded style 'rain'
2018-10-13 12:02:36,871 INFO [org.geoserver] - Loaded style 'cite_lakes'
2018-10-13 12:02:36,873 INFO [org.geoserver] - Loaded style 'poly_landmarks'
2018-10-13 12:02:36,874 INFO [org.geoserver] - Loaded style 'burg'
2018-10-13 12:02:36,877 INFO [org.geoserver] - Loaded default workspace cite
2018-10-13 12:02:36,902 INFO [org.geoserver] - Loaded workspace 'cite'
2018-10-13 12:02:37,221 INFO [org.geoserver] - Loaded data store 'database', enabled
2018-10-13 12:02:38,111 INFO [org.geoserver] - Loaded feature type 'reached_network', enabled
2018-10-13 12:02:38,129 INFO [org.geoserver] - Loaded layer 'reached_network'
2018-10-13 12:02:38,137 INFO [org.geoserver] - Loaded feature type 'isochrones', enabled
2018-10-13 12:02:38,139 INFO [org.geoserver] - Loaded layer 'isochrones'
2018-10-13 12:02:38,149 INFO [org.geoserver] - Loaded feature type 'heatmap', enabled
2018-10-13 12:02:38,157 INFO [org.geoserver] - Loaded layer 'heatmap'
2018-10-13 12:02:38,159 INFO [org.geoserver] - Loaded feature type 'study_area', enabled
2018-10-13 12:02:38,162 INFO [org.geoserver] - Loaded layer 'study_area'
2018-10-13 12:02:38,166 INFO [org.geoserver] - Loaded feature type 'grid_150', enabled
2018-10-13 12:02:38,168 INFO [org.geoserver] - Loaded layer 'grid_150'
2018-10-13 12:02:38,171 INFO [org.geoserver] - Loaded feature type 'insert_into_network', enabled
2018-10-13 12:02:38,173 INFO [catalog.impl] - Layer cite:insert_into_network is missing the default style, assigning one automatically
2018-10-13 12:02:38,419 INFO [org.geoserver] - Loaded layer 'insert_into_network'
2018-10-13 12:02:38,428 INFO [org.geoserver] - Loaded feature type 'ways_select', enabled
2018-10-13 12:02:38,434 INFO [org.geoserver] - Loaded layer 'ways_select'
2018-10-13 12:02:38,437 INFO [org.geoserver] - Loaded feature type 'save_isochrones', enabled
2018-10-13 12:02:38,439 INFO [org.geoserver] - Loaded layer 'save_isochrones'
2018-10-13 12:02:38,443 INFO [org.geoserver] - Loaded feature type 'study_area_union', enabled
2018-10-13 12:02:38,446 INFO [org.geoserver] - Loaded layer 'study_area_union'
2018-10-13 12:02:38,448 INFO [org.geoserver] - Loaded feature type 'grid_100', enabled
2018-10-13 12:02:38,452 INFO [org.geoserver] - Loaded layer 'grid_100'
2018-10-13 12:02:38,456 INFO [org.geoserver] - Loaded feature type 'ways', enabled
2018-10-13 12:02:38,460 INFO [org.geoserver] - Loaded layer 'ways'
2018-10-13 12:02:38,462 INFO [org.geoserver] - Loaded feature type 'population', enabled
2018-10-13 12:02:38,465 INFO [catalog.impl] - Layer cite:population is missing the default style, assigning one automatically
2018-10-13 12:02:38,479 WARN [geoserver.catalog] - Error while getting feature type, flushing cache and retrying: Error occurred building feature type
2018-10-13 12:02:38,544 WARN [catalog.impl] - Layer cite:population is missing the default style, failed to associate one automatically
java.io.IOException: Error occurred building feature type
	at org.geotools.jdbc.JDBCFeatureSource.buildFeatureType(JDBCFeatureSource.java:361)
	at org.geotools.jdbc.JDBCDataStore.createFeatureSource(JDBCDataStore.java:928)
	at org.geotools.data.store.ContentDataStore.getFeatureSource(ContentDataStore.java:335)
	at org.geotools.data.store.ContentDataStore.getFeatureSource(ContentDataStore.java:305)
	at org.geotools.data.store.ContentDataStore.getSchema(ContentDataStore.java:292)
	at org.geotools.jdbc.JDBCDataStore.createVirtualTable(JDBCDataStore.java:323)
	at org.geoserver.catalog.VirtualTableCallback.initialize(VirtualTableCallback.java:55)
	at org.geoserver.catalog.ResourcePool.getCacheableFeatureType(ResourcePool.java:966)
	at org.geoserver.catalog.ResourcePool.tryGetFeatureType(ResourcePool.java:950)
	at org.geoserver.catalog.ResourcePool.getFeatureType(ResourcePool.java:944)
	at org.geoserver.catalog.ResourcePool.getFeatureType(ResourcePool.java:931)
	at org.geoserver.catalog.impl.FeatureTypeInfoImpl.getFeatureType(FeatureTypeInfoImpl.java:121)
	at sun.reflect.NativeMethodAccessorImpl.invoke0(Native Method)
	at sun.reflect.NativeMethodAccessorImpl.invoke(NativeMethodAccessorImpl.java:62)
	at sun.reflect.DelegatingMethodAccessorImpl.invoke(DelegatingMethodAccessorImpl.java:43)
	at java.lang.reflect.Method.invoke(Method.java:498)
	at org.geoserver.catalog.impl.ModificationProxy.invoke(ModificationProxy.java:147)
	at com.sun.proxy.$Proxy27.getFeatureType(Unknown Source)
	at org.geoserver.catalog.CatalogBuilder.getDefaultStyle(CatalogBuilder.java:1584)
	at org.geoserver.catalog.impl.CatalogImpl.validate(CatalogImpl.java:687)
	at org.geoserver.catalog.impl.CatalogImpl.add(CatalogImpl.java:636)
	at org.geoserver.config.GeoServerLoader$LayerLoader.accept(GeoServerLoader.java:209)
	at org.geoserver.config.GeoServerLoader.loadDataStore(GeoServerLoader.java:708)
	at org.geoserver.config.GeoServerLoader.readCatalog(GeoServerLoader.java:556)
	at org.geoserver.config.GeoServerLoader.readCatalog(GeoServerLoader.java:393)
	at org.geoserver.config.DefaultGeoServerLoader.loadCatalog(DefaultGeoServerLoader.java:36)
	at org.geoserver.config.GeoServerLoader.postProcessBeforeInitialization(GeoServerLoader.java:264)
	at org.geoserver.config.GeoServerLoaderProxy.postProcessBeforeInitialization(GeoServerLoaderProxy.java:59)
	at org.springframework.beans.factory.support.AbstractAutowireCapableBeanFactory.applyBeanPostProcessorsBeforeInitialization(AbstractAutowireCapableBeanFactory.java:409)
	at org.springframework.beans.factory.support.AbstractAutowireCapableBeanFactory.initializeBean(AbstractAutowireCapableBeanFactory.java:1620)
	at org.springframework.beans.factory.support.AbstractAutowireCapableBeanFactory.doCreateBean(AbstractAutowireCapableBeanFactory.java:555)
	at org.springframework.beans.factory.support.AbstractAutowireCapableBeanFactory.createBean(AbstractAutowireCapableBeanFactory.java:483)
	at org.springframework.beans.factory.support.AbstractBeanFactory$1.getObject(AbstractBeanFactory.java:306)
	at org.springframework.beans.factory.support.DefaultSingletonBeanRegistry.getSingleton(DefaultSingletonBeanRegistry.java:230)
	at org.springframework.beans.factory.support.AbstractBeanFactory.doGetBean(AbstractBeanFactory.java:302)
	at org.springframework.beans.factory.support.AbstractBeanFactory.getBean(AbstractBeanFactory.java:197)
	at org.springframework.beans.factory.support.BeanDefinitionValueResolver.resolveReference(BeanDefinitionValueResolver.java:351)
	at org.springframework.beans.factory.support.BeanDefinitionValueResolver.resolveValueIfNecessary(BeanDefinitionValueResolver.java:108)
	at org.springframework.beans.factory.support.ConstructorResolver.resolveConstructorArguments(ConstructorResolver.java:648)
	at org.springframework.beans.factory.support.ConstructorResolver.autowireConstructor(ConstructorResolver.java:145)
	at org.springframework.beans.factory.support.AbstractAutowireCapableBeanFactory.autowireConstructor(AbstractAutowireCapableBeanFactory.java:1193)
	at org.springframework.beans.factory.support.AbstractAutowireCapableBeanFactory.createBeanInstance(AbstractAutowireCapableBeanFactory.java:1095)
	at org.springframework.beans.factory.support.AbstractAutowireCapableBeanFactory.doCreateBean(AbstractAutowireCapableBeanFactory.java:513)
	at org.springframework.beans.factory.support.AbstractAutowireCapableBeanFactory.createBean(AbstractAutowireCapableBeanFactory.java:483)
	at org.springframework.beans.factory.support.AbstractBeanFactory$1.getObject(AbstractBeanFactory.java:306)
	at org.springframework.beans.factory.support.DefaultSingletonBeanRegistry.getSingleton(DefaultSingletonBeanRegistry.java:230)
	at org.springframework.beans.factory.support.AbstractBeanFactory.doGetBean(AbstractBeanFactory.java:302)
	at org.springframework.beans.factory.support.AbstractBeanFactory.getBean(AbstractBeanFactory.java:197)
	at org.springframework.beans.factory.support.AbstractBeanFactory.doGetBean(AbstractBeanFactory.java:296)
	at org.springframework.beans.factory.support.AbstractBeanFactory.getBean(AbstractBeanFactory.java:197)
	at org.springframework.beans.factory.support.BeanDefinitionValueResolver.resolveReference(BeanDefinitionValueResolver.java:351)
	at org.springframework.beans.factory.support.BeanDefinitionValueResolver.resolveValueIfNecessary(BeanDefinitionValueResolver.java:108)
	at org.springframework.beans.factory.support.ConstructorResolver.resolveConstructorArguments(ConstructorResolver.java:648)
	at org.springframework.beans.factory.support.ConstructorResolver.autowireConstructor(ConstructorResolver.java:145)
	at org.springframework.beans.factory.support.AbstractAutowireCapableBeanFactory.autowireConstructor(AbstractAutowireCapableBeanFactory.java:1193)
	at org.springframework.beans.factory.support.AbstractAutowireCapableBeanFactory.createBeanInstance(AbstractAutowireCapableBeanFactory.java:1095)
	at org.springframework.beans.factory.support.AbstractAutowireCapableBeanFactory.doCreateBean(AbstractAutowireCapableBeanFactory.java:513)
	at org.springframework.beans.factory.support.AbstractAutowireCapableBeanFactory.createBean(AbstractAutowireCapableBeanFactory.java:483)
	at org.springframework.beans.factory.support.AbstractBeanFactory$1.getObject(AbstractBeanFactory.java:306)
	at org.springframework.beans.factory.support.DefaultSingletonBeanRegistry.getSingleton(DefaultSingletonBeanRegistry.java:230)
	at org.springframework.beans.factory.support.AbstractBeanFactory.doGetBean(AbstractBeanFactory.java:302)
	at org.springframework.beans.factory.support.AbstractBeanFactory.getBean(AbstractBeanFactory.java:197)
	at org.springframework.beans.factory.support.BeanDefinitionValueResolver.resolveReference(BeanDefinitionValueResolver.java:351)
	at org.springframework.beans.factory.support.BeanDefinitionValueResolver.resolveValueIfNecessary(BeanDefinitionValueResolver.java:108)
	at org.springframework.beans.factory.support.ConstructorResolver.resolveConstructorArguments(ConstructorResolver.java:648)
	at org.springframework.beans.factory.support.ConstructorResolver.autowireConstructor(ConstructorResolver.java:145)
	at org.springframework.beans.factory.support.AbstractAutowireCapableBeanFactory.autowireConstructor(AbstractAutowireCapableBeanFactory.java:1193)
	at org.springframework.beans.factory.support.AbstractAutowireCapableBeanFactory.createBeanInstance(AbstractAutowireCapableBeanFactory.java:1095)
	at org.springframework.beans.factory.support.AbstractAutowireCapableBeanFactory.doCreateBean(AbstractAutowireCapableBeanFactory.java:513)
	at org.springframework.beans.factory.support.AbstractAutowireCapableBeanFactory.createBean(AbstractAutowireCapableBeanFactory.java:483)
	at org.springframework.beans.factory.support.AbstractBeanFactory$1.getObject(AbstractBeanFactory.java:306)
	at org.springframework.beans.factory.support.DefaultSingletonBeanRegistry.getSingleton(DefaultSingletonBeanRegistry.java:230)
	at org.springframework.beans.factory.support.AbstractBeanFactory.doGetBean(AbstractBeanFactory.java:302)
	at org.springframework.beans.factory.support.AbstractBeanFactory.getBean(AbstractBeanFactory.java:197)
	at org.springframework.beans.factory.support.BeanDefinitionValueResolver.resolveReference(BeanDefinitionValueResolver.java:351)
	at org.springframework.beans.factory.support.BeanDefinitionValueResolver.resolveValueIfNecessary(BeanDefinitionValueResolver.java:108)
	at org.springframework.beans.factory.support.AbstractAutowireCapableBeanFactory.applyPropertyValues(AbstractAutowireCapableBeanFactory.java:1531)
	at org.springframework.beans.factory.support.AbstractAutowireCapableBeanFactory.populateBean(AbstractAutowireCapableBeanFactory.java:1276)
	at org.springframework.beans.factory.support.AbstractAutowireCapableBeanFactory.doCreateBean(AbstractAutowireCapableBeanFactory.java:553)
	at org.springframework.beans.factory.support.AbstractAutowireCapableBeanFactory.createBean(AbstractAutowireCapableBeanFactory.java:483)
	at org.springframework.beans.factory.support.AbstractBeanFactory$1.getObject(AbstractBeanFactory.java:306)
	at org.springframework.beans.factory.support.DefaultSingletonBeanRegistry.getSingleton(DefaultSingletonBeanRegistry.java:230)
	at org.springframework.beans.factory.support.AbstractBeanFactory.doGetBean(AbstractBeanFactory.java:302)
	at org.springframework.beans.factory.support.AbstractBeanFactory.getBean(AbstractBeanFactory.java:197)
	at org.springframework.beans.factory.support.BeanDefinitionValueResolver.resolveReference(BeanDefinitionValueResolver.java:351)
	at org.springframework.beans.factory.support.BeanDefinitionValueResolver.resolveValueIfNecessary(BeanDefinitionValueResolver.java:108)
	at org.springframework.beans.factory.support.ConstructorResolver.resolveConstructorArguments(ConstructorResolver.java:648)
	at org.springframework.beans.factory.support.ConstructorResolver.autowireConstructor(ConstructorResolver.java:145)
	at org.springframework.beans.factory.support.AbstractAutowireCapableBeanFactory.autowireConstructor(AbstractAutowireCapableBeanFactory.java:1193)
	at org.springframework.beans.factory.support.AbstractAutowireCapableBeanFactory.createBeanInstance(AbstractAutowireCapableBeanFactory.java:1095)
	at org.springframework.beans.factory.support.AbstractAutowireCapableBeanFactory.doCreateBean(AbstractAutowireCapableBeanFactory.java:513)
	at org.springframework.beans.factory.support.AbstractAutowireCapableBeanFactory.createBean(AbstractAutowireCapableBeanFactory.java:483)
	at org.springframework.beans.factory.support.AbstractBeanFactory$1.getObject(AbstractBeanFactory.java:306)
	at org.springframework.beans.factory.support.DefaultSingletonBeanRegistry.getSingleton(DefaultSingletonBeanRegistry.java:230)
	at org.springframework.beans.factory.support.AbstractBeanFactory.doGetBean(AbstractBeanFactory.java:302)
	at org.springframework.beans.factory.support.AbstractBeanFactory.getBean(AbstractBeanFactory.java:197)
	at org.springframework.beans.factory.support.DefaultListableBeanFactory.preInstantiateSingletons(DefaultListableBeanFactory.java:761)
	at org.springframework.context.support.AbstractApplicationContext.finishBeanFactoryInitialization(AbstractApplicationContext.java:866)
	at org.springframework.context.support.AbstractApplicationContext.refresh(AbstractApplicationContext.java:542)
	at org.springframework.web.context.ContextLoader.configureAndRefreshWebApplicationContext(ContextLoader.java:443)
	at org.springframework.web.context.ContextLoader.initWebApplicationContext(ContextLoader.java:325)
	at org.springframework.web.context.ContextLoaderListener.contextInitialized(ContextLoaderListener.java:107)
	at org.geoserver.platform.GeoServerContextLoaderListener.contextInitialized(GeoServerContextLoaderListener.java:23)
	at org.apache.catalina.core.StandardContext.listenerStart(StandardContext.java:4792)
	at org.apache.catalina.core.StandardContext.startInternal(StandardContext.java:5256)
	at org.apache.catalina.util.LifecycleBase.start(LifecycleBase.java:150)
	at org.apache.catalina.core.ContainerBase.addChildInternal(ContainerBase.java:754)
	at org.apache.catalina.core.ContainerBase.addChild(ContainerBase.java:730)
	at org.apache.catalina.core.StandardHost.addChild(StandardHost.java:734)
	at org.apache.catalina.startup.HostConfig.deployDirectory(HostConfig.java:1140)
	at org.apache.catalina.startup.HostConfig$DeployDirectory.run(HostConfig.java:1875)
	at java.util.concurrent.Executors$RunnableAdapter.call(Executors.java:511)
	at java.util.concurrent.FutureTask.run(FutureTask.java:266)
	at java.util.concurrent.ThreadPoolExecutor.runWorker(ThreadPoolExecutor.java:1149)
	at java.util.concurrent.ThreadPoolExecutor$Worker.run(ThreadPoolExecutor.java:624)
	at java.lang.Thread.run(Thread.java:748)
Caused by: org.postgresql.util.PSQLException: ERROR: column reference "population" is ambiguous
  Position: 42
	at org.postgresql.core.v3.QueryExecutorImpl.receiveErrorResponse(QueryExecutorImpl.java:2476)
	at org.postgresql.core.v3.QueryExecutorImpl.processResults(QueryExecutorImpl.java:2189)
	at org.postgresql.core.v3.QueryExecutorImpl.execute(QueryExecutorImpl.java:300)
	at org.postgresql.jdbc.PgStatement.executeInternal(PgStatement.java:428)
	at org.postgresql.jdbc.PgStatement.execute(PgStatement.java:354)
	at org.postgresql.jdbc.PgStatement.executeWithFlags(PgStatement.java:301)
	at org.postgresql.jdbc.PgStatement.executeCachedSql(PgStatement.java:287)
	at org.postgresql.jdbc.PgStatement.executeWithFlags(PgStatement.java:264)
	at org.postgresql.jdbc.PgStatement.executeQuery(PgStatement.java:231)
	at org.apache.commons.dbcp.DelegatingStatement.executeQuery(DelegatingStatement.java:208)
	at org.apache.commons.dbcp.DelegatingStatement.executeQuery(DelegatingStatement.java:208)
	at org.geotools.jdbc.JDBCFeatureSource.getColumnMetadata(JDBCFeatureSource.java:878)
	at org.geotools.jdbc.JDBCFeatureSource.buildFeatureType(JDBCFeatureSource.java:193)
	... 115 more
2018-10-13 12:02:38,561 INFO [org.geoserver] - Loaded layer 'population'
2018-10-13 12:02:38,562 INFO [org.geoserver] - Loaded feature type 'thematic_data_json', enabled
2018-10-13 12:02:38,565 INFO [catalog.impl] - Layer cite:thematic_data_json is missing the default style, assigning one automatically
2018-10-13 12:02:38,571 INFO [org.geoserver] - Loaded layer 'thematic_data_json'
2018-10-13 12:02:38,580 INFO [org.geoserver] - Loaded feature type 'input_network', enabled
2018-10-13 12:02:38,581 INFO [org.geoserver] - Loaded layer 'input_network'
2018-10-13 12:02:38,584 INFO [org.geoserver] - Loaded feature type 'matching_addresses', enabled
2018-10-13 12:02:38,586 INFO [org.geoserver] - Loaded layer 'matching_addresses'
2018-10-13 12:02:38,594 INFO [org.geoserver] - Loaded feature type 'munich_addresses', enabled
2018-10-13 12:02:38,599 INFO [org.geoserver] - Loaded layer 'munich_addresses'
2018-10-13 12:02:38,607 INFO [org.geoserver] - Loaded feature type 'pois', enabled
2018-10-13 12:02:38,611 INFO [org.geoserver] - Loaded layer 'pois'
2018-10-13 12:02:38,614 INFO [org.geoserver] - Loaded feature type 'show_network', enabled
2018-10-13 12:02:38,621 INFO [org.geoserver] - Loaded layer 'show_network'
2018-10-13 12:02:38,623 INFO [org.geoserver] - Loaded feature type 'test_input', enabled
2018-10-13 12:02:38,624 INFO [org.geoserver] - Loaded layer 'test_input'
2018-10-13 12:02:38,630 INFO [org.geoserver] - Loaded feature type 'thematic_data', enabled
2018-10-13 12:02:38,631 INFO [catalog.impl] - Layer cite:thematic_data is missing the default style, assigning one automatically
2018-10-13 12:02:38,643 WARN [geoserver.catalog] - Error while getting feature type, flushing cache and retrying: Error occurred building feature type
2018-10-13 12:02:38,658 WARN [catalog.impl] - Layer cite:thematic_data is missing the default style, failed to associate one automatically
java.io.IOException: Error occurred building feature type
	at org.geotools.jdbc.JDBCFeatureSource.buildFeatureType(JDBCFeatureSource.java:361)
	at org.geotools.jdbc.JDBCDataStore.createFeatureSource(JDBCDataStore.java:928)
	at org.geotools.data.store.ContentDataStore.getFeatureSource(ContentDataStore.java:335)
	at org.geotools.data.store.ContentDataStore.getFeatureSource(ContentDataStore.java:305)
	at org.geotools.data.store.ContentDataStore.getSchema(ContentDataStore.java:292)
	at org.geotools.jdbc.JDBCDataStore.createVirtualTable(JDBCDataStore.java:323)
	at org.geoserver.catalog.VirtualTableCallback.initialize(VirtualTableCallback.java:55)
	at org.geoserver.catalog.ResourcePool.getCacheableFeatureType(ResourcePool.java:966)
	at org.geoserver.catalog.ResourcePool.tryGetFeatureType(ResourcePool.java:950)
	at org.geoserver.catalog.ResourcePool.getFeatureType(ResourcePool.java:944)
	at org.geoserver.catalog.ResourcePool.getFeatureType(ResourcePool.java:931)
	at org.geoserver.catalog.impl.FeatureTypeInfoImpl.getFeatureType(FeatureTypeInfoImpl.java:121)
	at sun.reflect.NativeMethodAccessorImpl.invoke0(Native Method)
	at sun.reflect.NativeMethodAccessorImpl.invoke(NativeMethodAccessorImpl.java:62)
	at sun.reflect.DelegatingMethodAccessorImpl.invoke(DelegatingMethodAccessorImpl.java:43)
	at java.lang.reflect.Method.invoke(Method.java:498)
	at org.geoserver.catalog.impl.ModificationProxy.invoke(ModificationProxy.java:147)
	at com.sun.proxy.$Proxy27.getFeatureType(Unknown Source)
	at org.geoserver.catalog.CatalogBuilder.getDefaultStyle(CatalogBuilder.java:1584)
	at org.geoserver.catalog.impl.CatalogImpl.validate(CatalogImpl.java:687)
	at org.geoserver.catalog.impl.CatalogImpl.add(CatalogImpl.java:636)
	at org.geoserver.config.GeoServerLoader$LayerLoader.accept(GeoServerLoader.java:209)
	at org.geoserver.config.GeoServerLoader.loadDataStore(GeoServerLoader.java:708)
	at org.geoserver.config.GeoServerLoader.readCatalog(GeoServerLoader.java:556)
	at org.geoserver.config.GeoServerLoader.readCatalog(GeoServerLoader.java:393)
	at org.geoserver.config.DefaultGeoServerLoader.loadCatalog(DefaultGeoServerLoader.java:36)
	at org.geoserver.config.GeoServerLoader.postProcessBeforeInitialization(GeoServerLoader.java:264)
	at org.geoserver.config.GeoServerLoaderProxy.postProcessBeforeInitialization(GeoServerLoaderProxy.java:59)
	at org.springframework.beans.factory.support.AbstractAutowireCapableBeanFactory.applyBeanPostProcessorsBeforeInitialization(AbstractAutowireCapableBeanFactory.java:409)
	at org.springframework.beans.factory.support.AbstractAutowireCapableBeanFactory.initializeBean(AbstractAutowireCapableBeanFactory.java:1620)
	at org.springframework.beans.factory.support.AbstractAutowireCapableBeanFactory.doCreateBean(AbstractAutowireCapableBeanFactory.java:555)
	at org.springframework.beans.factory.support.AbstractAutowireCapableBeanFactory.createBean(AbstractAutowireCapableBeanFactory.java:483)
	at org.springframework.beans.factory.support.AbstractBeanFactory$1.getObject(AbstractBeanFactory.java:306)
	at org.springframework.beans.factory.support.DefaultSingletonBeanRegistry.getSingleton(DefaultSingletonBeanRegistry.java:230)
	at org.springframework.beans.factory.support.AbstractBeanFactory.doGetBean(AbstractBeanFactory.java:302)
	at org.springframework.beans.factory.support.AbstractBeanFactory.getBean(AbstractBeanFactory.java:197)
	at org.springframework.beans.factory.support.BeanDefinitionValueResolver.resolveReference(BeanDefinitionValueResolver.java:351)
	at org.springframework.beans.factory.support.BeanDefinitionValueResolver.resolveValueIfNecessary(BeanDefinitionValueResolver.java:108)
	at org.springframework.beans.factory.support.ConstructorResolver.resolveConstructorArguments(ConstructorResolver.java:648)
	at org.springframework.beans.factory.support.ConstructorResolver.autowireConstructor(ConstructorResolver.java:145)
	at org.springframework.beans.factory.support.AbstractAutowireCapableBeanFactory.autowireConstructor(AbstractAutowireCapableBeanFactory.java:1193)
	at org.springframework.beans.factory.support.AbstractAutowireCapableBeanFactory.createBeanInstance(AbstractAutowireCapableBeanFactory.java:1095)
	at org.springframework.beans.factory.support.AbstractAutowireCapableBeanFactory.doCreateBean(AbstractAutowireCapableBeanFactory.java:513)
	at org.springframework.beans.factory.support.AbstractAutowireCapableBeanFactory.createBean(AbstractAutowireCapableBeanFactory.java:483)
	at org.springframework.beans.factory.support.AbstractBeanFactory$1.getObject(AbstractBeanFactory.java:306)
	at org.springframework.beans.factory.support.DefaultSingletonBeanRegistry.getSingleton(DefaultSingletonBeanRegistry.java:230)
	at org.springframework.beans.factory.support.AbstractBeanFactory.doGetBean(AbstractBeanFactory.java:302)
	at org.springframework.beans.factory.support.AbstractBeanFactory.getBean(AbstractBeanFactory.java:197)
	at org.springframework.beans.factory.support.AbstractBeanFactory.doGetBean(AbstractBeanFactory.java:296)
	at org.springframework.beans.factory.support.AbstractBeanFactory.getBean(AbstractBeanFactory.java:197)
	at org.springframework.beans.factory.support.BeanDefinitionValueResolver.resolveReference(BeanDefinitionValueResolver.java:351)
	at org.springframework.beans.factory.support.BeanDefinitionValueResolver.resolveValueIfNecessary(BeanDefinitionValueResolver.java:108)
	at org.springframework.beans.factory.support.ConstructorResolver.resolveConstructorArguments(ConstructorResolver.java:648)
	at org.springframework.beans.factory.support.ConstructorResolver.autowireConstructor(ConstructorResolver.java:145)
	at org.springframework.beans.factory.support.AbstractAutowireCapableBeanFactory.autowireConstructor(AbstractAutowireCapableBeanFactory.java:1193)
	at org.springframework.beans.factory.support.AbstractAutowireCapableBeanFactory.createBeanInstance(AbstractAutowireCapableBeanFactory.java:1095)
	at org.springframework.beans.factory.support.AbstractAutowireCapableBeanFactory.doCreateBean(AbstractAutowireCapableBeanFactory.java:513)
	at org.springframework.beans.factory.support.AbstractAutowireCapableBeanFactory.createBean(AbstractAutowireCapableBeanFactory.java:483)
	at org.springframework.beans.factory.support.AbstractBeanFactory$1.getObject(AbstractBeanFactory.java:306)
	at org.springframework.beans.factory.support.DefaultSingletonBeanRegistry.getSingleton(DefaultSingletonBeanRegistry.java:230)
	at org.springframework.beans.factory.support.AbstractBeanFactory.doGetBean(AbstractBeanFactory.java:302)
	at org.springframework.beans.factory.support.AbstractBeanFactory.getBean(AbstractBeanFactory.java:197)
	at org.springframework.beans.factory.support.BeanDefinitionValueResolver.resolveReference(BeanDefinitionValueResolver.java:351)
	at org.springframework.beans.factory.support.BeanDefinitionValueResolver.resolveValueIfNecessary(BeanDefinitionValueResolver.java:108)
	at org.springframework.beans.factory.support.ConstructorResolver.resolveConstructorArguments(ConstructorResolver.java:648)
	at org.springframework.beans.factory.support.ConstructorResolver.autowireConstructor(ConstructorResolver.java:145)
	at org.springframework.beans.factory.support.AbstractAutowireCapableBeanFactory.autowireConstructor(AbstractAutowireCapableBeanFactory.java:1193)
	at org.springframework.beans.factory.support.AbstractAutowireCapableBeanFactory.createBeanInstance(AbstractAutowireCapableBeanFactory.java:1095)
	at org.springframework.beans.factory.support.AbstractAutowireCapableBeanFactory.doCreateBean(AbstractAutowireCapableBeanFactory.java:513)
	at org.springframework.beans.factory.support.AbstractAutowireCapableBeanFactory.createBean(AbstractAutowireCapableBeanFactory.java:483)
	at org.springframework.beans.factory.support.AbstractBeanFactory$1.getObject(AbstractBeanFactory.java:306)
	at org.springframework.beans.factory.support.DefaultSingletonBeanRegistry.getSingleton(DefaultSingletonBeanRegistry.java:230)
	at org.springframework.beans.factory.support.AbstractBeanFactory.doGetBean(AbstractBeanFactory.java:302)
	at org.springframework.beans.factory.support.AbstractBeanFactory.getBean(AbstractBeanFactory.java:197)
	at org.springframework.beans.factory.support.BeanDefinitionValueResolver.resolveReference(BeanDefinitionValueResolver.java:351)
	at org.springframework.beans.factory.support.BeanDefinitionValueResolver.resolveValueIfNecessary(BeanDefinitionValueResolver.java:108)
	at org.springframework.beans.factory.support.AbstractAutowireCapableBeanFactory.applyPropertyValues(AbstractAutowireCapableBeanFactory.java:1531)
	at org.springframework.beans.factory.support.AbstractAutowireCapableBeanFactory.populateBean(AbstractAutowireCapableBeanFactory.java:1276)
	at org.springframework.beans.factory.support.AbstractAutowireCapableBeanFactory.doCreateBean(AbstractAutowireCapableBeanFactory.java:553)
	at org.springframework.beans.factory.support.AbstractAutowireCapableBeanFactory.createBean(AbstractAutowireCapableBeanFactory.java:483)
	at org.springframework.beans.factory.support.AbstractBeanFactory$1.getObject(AbstractBeanFactory.java:306)
	at org.springframework.beans.factory.support.DefaultSingletonBeanRegistry.getSingleton(DefaultSingletonBeanRegistry.java:230)
	at org.springframework.beans.factory.support.AbstractBeanFactory.doGetBean(AbstractBeanFactory.java:302)
	at org.springframework.beans.factory.support.AbstractBeanFactory.getBean(AbstractBeanFactory.java:197)
	at org.springframework.beans.factory.support.BeanDefinitionValueResolver.resolveReference(BeanDefinitionValueResolver.java:351)
	at org.springframework.beans.factory.support.BeanDefinitionValueResolver.resolveValueIfNecessary(BeanDefinitionValueResolver.java:108)
	at org.springframework.beans.factory.support.ConstructorResolver.resolveConstructorArguments(ConstructorResolver.java:648)
	at org.springframework.beans.factory.support.ConstructorResolver.autowireConstructor(ConstructorResolver.java:145)
	at org.springframework.beans.factory.support.AbstractAutowireCapableBeanFactory.autowireConstructor(AbstractAutowireCapableBeanFactory.java:1193)
	at org.springframework.beans.factory.support.AbstractAutowireCapableBeanFactory.createBeanInstance(AbstractAutowireCapableBeanFactory.java:1095)
	at org.springframework.beans.factory.support.AbstractAutowireCapableBeanFactory.doCreateBean(AbstractAutowireCapableBeanFactory.java:513)
	at org.springframework.beans.factory.support.AbstractAutowireCapableBeanFactory.createBean(AbstractAutowireCapableBeanFactory.java:483)
	at org.springframework.beans.factory.support.AbstractBeanFactory$1.getObject(AbstractBeanFactory.java:306)
	at org.springframework.beans.factory.support.DefaultSingletonBeanRegistry.getSingleton(DefaultSingletonBeanRegistry.java:230)
	at org.springframework.beans.factory.support.AbstractBeanFactory.doGetBean(AbstractBeanFactory.java:302)
	at org.springframework.beans.factory.support.AbstractBeanFactory.getBean(AbstractBeanFactory.java:197)
	at org.springframework.beans.factory.support.DefaultListableBeanFactory.preInstantiateSingletons(DefaultListableBeanFactory.java:761)
	at org.springframework.context.support.AbstractApplicationContext.finishBeanFactoryInitialization(AbstractApplicationContext.java:866)
	at org.springframework.context.support.AbstractApplicationContext.refresh(AbstractApplicationContext.java:542)
	at org.springframework.web.context.ContextLoader.configureAndRefreshWebApplicationContext(ContextLoader.java:443)
	at org.springframework.web.context.ContextLoader.initWebApplicationContext(ContextLoader.java:325)
	at org.springframework.web.context.ContextLoaderListener.contextInitialized(ContextLoaderListener.java:107)
	at org.geoserver.platform.GeoServerContextLoaderListener.contextInitialized(GeoServerContextLoaderListener.java:23)
	at org.apache.catalina.core.StandardContext.listenerStart(StandardContext.java:4792)
	at org.apache.catalina.core.StandardContext.startInternal(StandardContext.java:5256)
	at org.apache.catalina.util.LifecycleBase.start(LifecycleBase.java:150)
	at org.apache.catalina.core.ContainerBase.addChildInternal(ContainerBase.java:754)
	at org.apache.catalina.core.ContainerBase.addChild(ContainerBase.java:730)
	at org.apache.catalina.core.StandardHost.addChild(StandardHost.java:734)
	at org.apache.catalina.startup.HostConfig.deployDirectory(HostConfig.java:1140)
	at org.apache.catalina.startup.HostConfig$DeployDirectory.run(HostConfig.java:1875)
	at java.util.concurrent.Executors$RunnableAdapter.call(Executors.java:511)
	at java.util.concurrent.FutureTask.run(FutureTask.java:266)
	at java.util.concurrent.ThreadPoolExecutor.runWorker(ThreadPoolExecutor.java:1149)
	at java.util.concurrent.ThreadPoolExecutor$Worker.run(ThreadPoolExecutor.java:624)
	at java.lang.Thread.run(Thread.java:748)
Caused by: org.postgresql.util.PSQLException: ERROR: relation "munich_addresses" does not exist
  Position: 90
	at org.postgresql.core.v3.QueryExecutorImpl.receiveErrorResponse(QueryExecutorImpl.java:2476)
	at org.postgresql.core.v3.QueryExecutorImpl.processResults(QueryExecutorImpl.java:2189)
	at org.postgresql.core.v3.QueryExecutorImpl.execute(QueryExecutorImpl.java:300)
	at org.postgresql.jdbc.PgStatement.executeInternal(PgStatement.java:428)
	at org.postgresql.jdbc.PgStatement.execute(PgStatement.java:354)
	at org.postgresql.jdbc.PgStatement.executeWithFlags(PgStatement.java:301)
	at org.postgresql.jdbc.PgStatement.executeCachedSql(PgStatement.java:287)
	at org.postgresql.jdbc.PgStatement.executeWithFlags(PgStatement.java:264)
	at org.postgresql.jdbc.PgStatement.executeQuery(PgStatement.java:231)
	at org.apache.commons.dbcp.DelegatingStatement.executeQuery(DelegatingStatement.java:208)
	at org.apache.commons.dbcp.DelegatingStatement.executeQuery(DelegatingStatement.java:208)
	at org.geotools.jdbc.JDBCFeatureSource.getColumnMetadata(JDBCFeatureSource.java:878)
	at org.geotools.jdbc.JDBCFeatureSource.buildFeatureType(JDBCFeatureSource.java:193)
	... 115 more
2018-10-13 12:02:38,663 INFO [org.geoserver] - Loaded layer 'thematic_data'
2018-10-13 12:02:38,665 INFO [org.geoserver] - Loaded feature type 'save_isochrones_input', enabled
2018-10-13 12:02:38,669 INFO [org.geoserver] - Loaded layer 'save_isochrones_input'
2018-10-13 12:02:38,675 INFO [org.geoserver] - Loaded feature type 'starting_point_isochrones', enabled
2018-10-13 12:02:38,677 INFO [org.geoserver] - Loaded layer 'starting_point_isochrones'
2018-10-13 12:02:38,738 WARN [security.impl] - Namespace/Workspace zugangzurbahn is unknown in rule zugangzurbahn.user_input1.w=*
2018-10-13 12:02:38,739 WARN [security.impl] - Layer zugangzurbahn is unknown in rule + zugangzurbahn.user_input1.w=*
2018-10-13 12:02:38,740 WARN [security.impl] - Namespace/Workspace zugangzurbahn is unknown in rule zugangzurbahn.user_input1.r=*
2018-10-13 12:02:38,740 WARN [security.impl] - Layer zugangzurbahn is unknown in rule + zugangzurbahn.user_input1.r=*
2018-10-13 12:02:38,826 INFO [org.geoserver] - Loaded service 'wfs', enabled
2018-10-13 12:02:38,828 INFO [org.geoserver] - Loaded service 'WMTSInfoImpl--5b9f20a0:1666d4e966c:-8000', enabled
2018-10-13 12:02:38,838 INFO [org.geoserver] - Loaded service 'wcs', enabled
2018-10-13 12:02:38,856 INFO [org.geoserver] - Loaded service 'wms', enabled
2018-10-13 12:02:38,887 INFO [config.GeoserverXMLResourceProvider] - Will look for 'geowebcache.xml' in directory '/opt/geoserver_data/gwc'.
2018-10-13 12:02:38,968 INFO [config.GeoserverXMLResourceProvider] - Found configuration file in gwc
2018-10-13 12:02:38,969 INFO [config.GeoserverXMLResourceProvider] - Found configuration file in gwc
2018-10-13 12:02:38,970 INFO [config.GeoserverXMLResourceProvider] - Found configuration file in gwc
2018-10-13 12:02:39,031 WARN [config.XMLConfiguration] - ********************************************************************************
2018-10-13 12:02:39,031 WARN [config.XMLConfiguration] - *** GWC configuration validation error: cvc-elt.1: Cannot find the declaration of element 'gwcConfiguration'.
2018-10-13 12:02:39,032 WARN [config.XMLConfiguration] - *** Will try to use configuration anyway. Please check the order of declared elements against the schema.
2018-10-13 12:02:39,032 WARN [config.XMLConfiguration] - ********************************************************************************
2018-10-13 12:02:39,088 INFO [config.XMLConfiguration] - Initializing GridSets from gwc
2018-10-13 12:02:39,090 INFO [config.XMLConfiguration] - Initializing layers from gwc
2018-10-13 12:02:39,136 INFO [gwc.layer] - Initializing GWC configuration based on GeoServer's Catalog
2018-10-13 12:02:39,137 INFO [gwc.layer] - GeoServer TileLayer store base directory is: gwc-layers
2018-10-13 12:02:39,137 INFO [gwc.layer] - Loading tile layers from gwc-layers
2018-10-13 12:02:39,221 INFO [storage.BlobStoreAggregator] - BlobStoreConfiguration gwc contained no blob store infos.
2018-10-13 12:02:39,229 INFO [storage.DefaultStorageFinder] - ***********************************************************************************************************************
2018-10-13 12:02:39,230 INFO [storage.DefaultStorageFinder] - *** Found Java environment variable GEOSERVER_DATA_DIR set to /opt/geoserver_data/, using it as the default prefix. ***
2018-10-13 12:02:39,230 INFO [storage.DefaultStorageFinder] - ***********************************************************************************************************************
2018-10-13 12:02:39,335 INFO [gwc.config] - Initializing GeoServer specific GWC configuration from gwc-gs.xml
2018-10-13 12:02:39,562 INFO [config.GeoserverXMLResourceProvider] - Will look for 'geowebcache-diskquota.xml' in directory '/opt/geoserver_data/gwc'.
2018-10-13 12:02:39,579 INFO [config.GeoserverXMLResourceProvider] - Will look for 'geowebcache-diskquota-jdbc.xml' in directory '/opt/geoserver_data/gwc'.
2018-10-13 12:02:39,633 INFO [diskquota.ConfigLoader] - DiskQuota configuration is not readable: gwc/geowebcache-diskquota.xml
2018-10-13 12:02:39,652 INFO [diskquota.ConfigLoader] - DiskQuota configuration is not readable: gwc/geowebcache-diskquota.xml
2018-10-13 12:02:39,654 INFO [diskquota.DiskQuotaMonitor] - Setting up disk quota periodic enforcement task
2018-10-13 12:02:39,654 INFO [diskquota.DiskQuotaMonitor] - 0 layers configured with their own quotas. 
2018-10-13 12:02:39,662 INFO [diskquota.DiskQuotaMonitor] - 18 layers attached to global quota 500.0 MB
2018-10-13 12:02:39,687 INFO [diskquota.DiskQuotaMonitor] - Disk quota periodic enforcement task set up every 10 SECONDS
2018-10-13 12:02:40,748 INFO [ows.OWSHandlerMapping] - Mapped URL path [/TestWfsPost] onto handler 'wfsTestServlet'
2018-10-13 12:02:40,748 INFO [ows.OWSHandlerMapping] - Mapped URL path [/wfs/*] onto handler 'dispatcher'
2018-10-13 12:02:40,748 INFO [ows.OWSHandlerMapping] - Mapped URL path [/wfs] onto handler 'dispatcher'
2018-10-13 12:02:43,147 INFO [ows.OWSHandlerMapping] - Mapped URL path [/gwc/service/**] onto handler 'dispatcher'
2018-10-13 12:02:43,178 INFO [geowebcache.GeoWebCacheDispatcher] - Invoked setServletPrefix(gwc)
2018-10-13 12:02:43,227 INFO [georss.GeoRSSPoller] - Initializing GeoRSS poller in a background job...
2018-10-13 12:02:43,231 INFO [georss.GeoRSSPoller] - No enabled GeoRSS feeds found, poller will not run.
2018-10-13 12:02:43,415 INFO [wms.WMSService] - Will NOT recombine tiles for non-tiling clients.
2018-10-13 12:02:43,416 INFO [wms.WMSService] - Will proxy requests to backend that are not getmap or getcapabilities.
2018-10-13 12:02:43,530 INFO [ows.OWSHandlerMapping] - Mapped URL path [/wcs] onto handler 'dispatcher'
2018-10-13 12:02:43,533 INFO [ows.OWSHandlerMapping] - Mapped URL path [/wcs/*] onto handler 'dispatcher'
2018-10-13 12:02:43,924 INFO [ows.OWSHandlerMapping] - Mapped URL path [/ows/**] onto handler 'dispatcher'
2018-10-13 12:02:43,925 INFO [ows.OWSHandlerMapping] - Mapped URL path [/ows] onto handler 'dispatcher'
2018-10-13 12:02:44,825 INFO [ows.OWSHandlerMapping] - Mapped URL path [/kml] onto handler 'dispatcher'
2018-10-13 12:02:44,826 INFO [ows.OWSHandlerMapping] - Mapped URL path [/kml/*] onto handler 'dispatcher'
2018-10-13 12:02:44,829 INFO [ows.OWSHandlerMapping] - Mapped URL path [/kml/icon/**/*] onto handler 'kmlIconService'
2018-10-13 12:02:45,020 INFO [ows.OWSHandlerMapping] - Mapped URL path [/wms] onto handler 'dispatcher'
2018-10-13 12:02:45,020 INFO [ows.OWSHandlerMapping] - Mapped URL path [/wms/*] onto handler 'dispatcher'
2018-10-13 12:02:45,172 INFO [ows.OWSHandlerMapping] - Mapped URL path [/animate/*] onto handler 'dispatcher'
2018-10-13 12:02:45,172 INFO [ows.OWSHandlerMapping] - Mapped URL path [/animate] onto handler 'dispatcher'
2018-10-13 12:02:47,239 INFO [geoserver.security] - Start reloading user/groups for service named default
2018-10-13 12:02:47,244 INFO [geoserver.security] - Reloading user/groups successful for service named default
2018-10-13 12:02:47,407 INFO [geoserver.security] - AuthenticationCache Initialized with 1000 Max Entries, 300 seconds idle time, 600 seconds time to live and 3 concurrency level
2018-10-13 12:02:47,407 INFO [geoserver.security] - AuthenticationCache Eviction Task created to run every 600 seconds
