2019-11-15 10:29:30,515 INFO [geoserver.wms] - 
Request: getMap
	Angle = 0.0
	BaseUrl = http://localhost:80/geoserver/
	Bbox = SRSEnvelope[-969806.7396538433 : -961059.4772294584, 5038277.448360509 : 5045046.902678016]
	BgColor = java.awt.Color[r=255,g=255,b=255]
	Buffer = 0
	CQLFilter = null
	Crs = PROJCS["WGS 84 / Pseudo-Mercator", 
  GEOGCS["WGS 84", 
    DATUM["World Geodetic System 1984", 
      SPHEROID["WGS 84", 6378137.0, 298.257223563, AUTHORITY["EPSG","7030"]], 
      AUTHORITY["EPSG","6326"]], 
    PRIMEM["Greenwich", 0.0, AUTHORITY["EPSG","8901"]], 
    UNIT["degree", 0.017453292519943295], 
    AXIS["Geodetic latitude", NORTH], 
    AXIS["Geodetic longitude", EAST], 
    AUTHORITY["EPSG","4326"]], 
  PROJECTION["Popular Visualisation Pseudo Mercator", AUTHORITY["EPSG","1024"]], 
  PARAMETER["semi_minor", 6378137.0], 
  PARAMETER["latitude_of_origin", 0.0], 
  PARAMETER["central_meridian", 0.0], 
  PARAMETER["scale_factor", 1.0], 
  PARAMETER["false_easting", 0.0], 
  PARAMETER["false_northing", 0.0], 
  UNIT["m", 1.0], 
  AXIS["Easting", EAST], 
  AXIS["Northing", NORTH], 
  AUTHORITY["EPSG","3857"]]
	Elevation = []
	Env = {}
	Exceptions = SE_XML
	FeatureId = null
	FeatureVersion = null
	Filter = null
	Filters = null
	Format = image/png
	FormatOptions = {}
	Get = true
	Height = 1417
	Interpolations = []
	Layers = [org.geoserver.wms.MapLayerInfo@9c7a011e]
	MaxFeatures = null
	Palette = null
	RawKvp = {REQUEST=GetMap, FORMAT=image/png, CRS=EPSG:3857, BBOX=-969806.7396538433,5038277.448360509,-961059.4772294584,5045046.902678016, VERSION=1.3.0, STYLES=, SERVICE=WMS, WIDTH=1831, HEIGHT=1417, TRANSPARENT=true, LAYERS=cite:heatmap_population}
	RemoteOwsType = null
	RemoteOwsURL = null
	Request = GetMap
	RequestCharset = UTF-8
	ScaleMethod = null
	Sld = null
	SldBody = null
	SldVersion = null
	SortBy = null
	SortByArrays = null
	SRS = urn:ogc:def:crs:EPSG:3857
	StartIndex = null
	StyleBody = null
	StyleFormat = sld
	Styles = [StyleImpl[ name=style_heatmap_population]]
	StyleUrl = null
	StyleVersion = null
	Tiled = false
	TilesOrigin = null
	Time = []
	Transparent = true
	ValidateSchema = false
	Version = 1.3.0
	ViewParams = null
	Width = 1831
2019-11-15 10:29:32,670 INFO [geoserver.wms] - 
Request: getServiceInfo
2019-11-15 10:29:32,687 INFO [geoserver.wms] - 
Request: getServiceInfo
2019-11-15 10:29:32,687 INFO [geoserver.wms] - 
Request: getServiceInfo
2019-11-15 10:29:33,558 INFO [geoserver.wms] - 
Request: getMap
	Angle = 0.0
	BaseUrl = http://localhost:80/geoserver/
	Bbox = SRSEnvelope[-972018.6361598456 : -963271.3737354607, 5038941.495043737 : 5045710.949361243]
	BgColor = java.awt.Color[r=255,g=255,b=255]
	Buffer = 0
	CQLFilter = null
	Crs = PROJCS["WGS 84 / Pseudo-Mercator", 
  GEOGCS["WGS 84", 
    DATUM["World Geodetic System 1984", 
      SPHEROID["WGS 84", 6378137.0, 298.257223563, AUTHORITY["EPSG","7030"]], 
      AUTHORITY["EPSG","6326"]], 
    PRIMEM["Greenwich", 0.0, AUTHORITY["EPSG","8901"]], 
    UNIT["degree", 0.017453292519943295], 
    AXIS["Geodetic latitude", NORTH], 
    AXIS["Geodetic longitude", EAST], 
    AUTHORITY["EPSG","4326"]], 
  PROJECTION["Popular Visualisation Pseudo Mercator", AUTHORITY["EPSG","1024"]], 
  PARAMETER["semi_minor", 6378137.0], 
  PARAMETER["latitude_of_origin", 0.0], 
  PARAMETER["central_meridian", 0.0], 
  PARAMETER["scale_factor", 1.0], 
  PARAMETER["false_easting", 0.0], 
  PARAMETER["false_northing", 0.0], 
  UNIT["m", 1.0], 
  AXIS["Easting", EAST], 
  AXIS["Northing", NORTH], 
  AUTHORITY["EPSG","3857"]]
	Elevation = []
	Env = {}
	Exceptions = SE_XML
	FeatureId = null
	FeatureVersion = null
	Filter = null
	Filters = null
	Format = image/png
	FormatOptions = {}
	Get = true
	Height = 1417
	Interpolations = []
	Layers = [org.geoserver.wms.MapLayerInfo@6cc4b680]
	MaxFeatures = null
	Palette = null
	RawKvp = {REQUEST=GetMap, FORMAT=image/png, CRS=EPSG:3857, BBOX=-972018.6361598456,5038941.495043737,-963271.3737354607,5045710.949361243, VIEWPARAMS=amenities:'a2luZGVyZ2FydGVu', VERSION=1.3.0, STYLES=, SERVICE=WMS, WIDTH=1831, HEIGHT=1417, TRANSPARENT=true, LAYERS=cite:pois_info}
	RemoteOwsType = null
	RemoteOwsURL = null
	Request = GetMap
	RequestCharset = UTF-8
	ScaleMethod = null
	Sld = null
	SldBody = null
	SldVersion = null
	SortBy = null
	SortByArrays = null
	SRS = urn:ogc:def:crs:EPSG:3857
	StartIndex = null
	StyleBody = null
	StyleFormat = sld
	Styles = [StyleImpl[ name=pois]]
	StyleUrl = null
	StyleVersion = null
	Tiled = false
	TilesOrigin = null
	Time = []
	Transparent = true
	ValidateSchema = false
	Version = 1.3.0
	ViewParams = [{AMENITIES='a2luZGVyZ2FydGVu'}]
	Width = 1831
2019-11-15 10:29:33,656 INFO [geoserver.wms] - 
Request: getMap
	Angle = 0.0
	BaseUrl = http://localhost:80/geoserver/
	Bbox = SRSEnvelope[-972018.6361598456 : -963271.3737354607, 5038941.495043737 : 5045710.949361243]
	BgColor = java.awt.Color[r=255,g=255,b=255]
	Buffer = 0
	CQLFilter = null
	Crs = PROJCS["WGS 84 / Pseudo-Mercator", 
  GEOGCS["WGS 84", 
    DATUM["World Geodetic System 1984", 
      SPHEROID["WGS 84", 6378137.0, 298.257223563, AUTHORITY["EPSG","7030"]], 
      AUTHORITY["EPSG","6326"]], 
    PRIMEM["Greenwich", 0.0, AUTHORITY["EPSG","8901"]], 
    UNIT["degree", 0.017453292519943295], 
    AXIS["Geodetic latitude", NORTH], 
    AXIS["Geodetic longitude", EAST], 
    AUTHORITY["EPSG","4326"]], 
  PROJECTION["Popular Visualisation Pseudo Mercator", AUTHORITY["EPSG","1024"]], 
  PARAMETER["semi_minor", 6378137.0], 
  PARAMETER["latitude_of_origin", 0.0], 
  PARAMETER["central_meridian", 0.0], 
  PARAMETER["scale_factor", 1.0], 
  PARAMETER["false_easting", 0.0], 
  PARAMETER["false_northing", 0.0], 
  UNIT["m", 1.0], 
  AXIS["Easting", EAST], 
  AXIS["Northing", NORTH], 
  AUTHORITY["EPSG","3857"]]
	Elevation = []
	Env = {}
	Exceptions = SE_XML
	FeatureId = null
	FeatureVersion = null
	Filter = null
	Filters = null
	Format = image/png
	FormatOptions = {}
	Get = true
	Height = 1417
	Interpolations = []
	Layers = [org.geoserver.wms.MapLayerInfo@da92413b]
	MaxFeatures = null
	Palette = null
	RawKvp = {REQUEST=GetMap, FORMAT=image/png, CRS=EPSG:3857, BBOX=-972018.6361598456,5038941.495043737,-963271.3737354607,5045710.949361243, VERSION=1.3.0, STYLES=, SERVICE=WMS, WIDTH=1831, HEIGHT=1417, TRANSPARENT=true, LAYERS=cite:study_area}
	RemoteOwsType = null
	RemoteOwsURL = null
	Request = GetMap
	RequestCharset = UTF-8
	ScaleMethod = null
	Sld = null
	SldBody = null
	SldVersion = null
	SortBy = null
	SortByArrays = null
	SRS = urn:ogc:def:crs:EPSG:3857
	StartIndex = null
	StyleBody = null
	StyleFormat = sld
	Styles = [StyleImpl[ name=boundary_style]]
	StyleUrl = null
	StyleVersion = null
	Tiled = false
	TilesOrigin = null
	Time = []
	Transparent = true
	ValidateSchema = false
	Version = 1.3.0
	ViewParams = null
	Width = 1831
2019-11-15 10:29:33,686 INFO [geoserver.wms] - 
Request: getMap
	Angle = 0.0
	BaseUrl = http://localhost:80/geoserver/
	Bbox = SRSEnvelope[-972018.6361598456 : -963271.3737354607, 5038941.495043737 : 5045710.949361243]
	BgColor = java.awt.Color[r=255,g=255,b=255]
	Buffer = 0
	CQLFilter = null
	Crs = PROJCS["WGS 84 / Pseudo-Mercator", 
  GEOGCS["WGS 84", 
    DATUM["World Geodetic System 1984", 
      SPHEROID["WGS 84", 6378137.0, 298.257223563, AUTHORITY["EPSG","7030"]], 
      AUTHORITY["EPSG","6326"]], 
    PRIMEM["Greenwich", 0.0, AUTHORITY["EPSG","8901"]], 
    UNIT["degree", 0.017453292519943295], 
    AXIS["Geodetic latitude", NORTH], 
    AXIS["Geodetic longitude", EAST], 
    AUTHORITY["EPSG","4326"]], 
  PROJECTION["Popular Visualisation Pseudo Mercator", AUTHORITY["EPSG","1024"]], 
  PARAMETER["semi_minor", 6378137.0], 
  PARAMETER["latitude_of_origin", 0.0], 
  PARAMETER["central_meridian", 0.0], 
  PARAMETER["scale_factor", 1.0], 
  PARAMETER["false_easting", 0.0], 
  PARAMETER["false_northing", 0.0], 
  UNIT["m", 1.0], 
  AXIS["Easting", EAST], 
  AXIS["Northing", NORTH], 
  AUTHORITY["EPSG","3857"]]
	Elevation = []
	Env = {}
	Exceptions = SE_XML
	FeatureId = null
	FeatureVersion = null
	Filter = null
	Filters = null
	Format = image/png
	FormatOptions = {}
	Get = true
	Height = 1417
	Interpolations = []
	Layers = [org.geoserver.wms.MapLayerInfo@9c7a011e]
	MaxFeatures = null
	Palette = null
	RawKvp = {REQUEST=GetMap, FORMAT=image/png, CRS=EPSG:3857, BBOX=-972018.6361598456,5038941.495043737,-963271.3737354607,5045710.949361243, VERSION=1.3.0, STYLES=, SERVICE=WMS, WIDTH=1831, HEIGHT=1417, TRANSPARENT=true, LAYERS=cite:heatmap_population}
	RemoteOwsType = null
	RemoteOwsURL = null
	Request = GetMap
	RequestCharset = UTF-8
	ScaleMethod = null
	Sld = null
	SldBody = null
	SldVersion = null
	SortBy = null
	SortByArrays = null
	SRS = urn:ogc:def:crs:EPSG:3857
	StartIndex = null
	StyleBody = null
	StyleFormat = sld
	Styles = [StyleImpl[ name=style_heatmap_population]]
	StyleUrl = null
	StyleVersion = null
	Tiled = false
	TilesOrigin = null
	Time = []
	Transparent = true
	ValidateSchema = false
	Version = 1.3.0
	ViewParams = null
	Width = 1831
2019-11-15 10:29:33,802 INFO [geoserver.wms] - 
Request: getServiceInfo
2019-11-15 10:29:33,851 INFO [geoserver.wms] - 
Request: getServiceInfo
2019-11-15 10:29:33,872 INFO [geoserver.wms] - 
Request: getServiceInfo
2019-11-15 10:29:34,702 INFO [geoserver.wms] - 
Request: getMap
	Angle = 0.0
	BaseUrl = http://localhost:80/geoserver/
	Bbox = SRSEnvelope[-972219.2833590942 : -963472.0209347092, 5040140.60092496 : 5046910.055242467]
	BgColor = java.awt.Color[r=255,g=255,b=255]
	Buffer = 0
	CQLFilter = null
	Crs = PROJCS["WGS 84 / Pseudo-Mercator", 
  GEOGCS["WGS 84", 
    DATUM["World Geodetic System 1984", 
      SPHEROID["WGS 84", 6378137.0, 298.257223563, AUTHORITY["EPSG","7030"]], 
      AUTHORITY["EPSG","6326"]], 
    PRIMEM["Greenwich", 0.0, AUTHORITY["EPSG","8901"]], 
    UNIT["degree", 0.017453292519943295], 
    AXIS["Geodetic latitude", NORTH], 
    AXIS["Geodetic longitude", EAST], 
    AUTHORITY["EPSG","4326"]], 
  PROJECTION["Popular Visualisation Pseudo Mercator", AUTHORITY["EPSG","1024"]], 
  PARAMETER["semi_minor", 6378137.0], 
  PARAMETER["latitude_of_origin", 0.0], 
  PARAMETER["central_meridian", 0.0], 
  PARAMETER["scale_factor", 1.0], 
  PARAMETER["false_easting", 0.0], 
  PARAMETER["false_northing", 0.0], 
  UNIT["m", 1.0], 
  AXIS["Easting", EAST], 
  AXIS["Northing", NORTH], 
  AUTHORITY["EPSG","3857"]]
	Elevation = []
	Env = {}
	Exceptions = SE_XML
	FeatureId = null
	FeatureVersion = null
	Filter = null
	Filters = null
	Format = image/png
	FormatOptions = {}
	Get = true
	Height = 1417
	Interpolations = []
	Layers = [org.geoserver.wms.MapLayerInfo@6cc4b680]
	MaxFeatures = null
	Palette = null
	RawKvp = {REQUEST=GetMap, FORMAT=image/png, CRS=EPSG:3857, BBOX=-972219.2833590942,5040140.60092496,-963472.0209347092,5046910.055242467, VIEWPARAMS=amenities:'a2luZGVyZ2FydGVu', VERSION=1.3.0, STYLES=, SERVICE=WMS, WIDTH=1831, HEIGHT=1417, TRANSPARENT=true, LAYERS=cite:pois_info}
	RemoteOwsType = null
	RemoteOwsURL = null
	Request = GetMap
	RequestCharset = UTF-8
	ScaleMethod = null
	Sld = null
	SldBody = null
	SldVersion = null
	SortBy = null
	SortByArrays = null
	SRS = urn:ogc:def:crs:EPSG:3857
	StartIndex = null
	StyleBody = null
	StyleFormat = sld
	Styles = [StyleImpl[ name=pois]]
	StyleUrl = null
	StyleVersion = null
	Tiled = false
	TilesOrigin = null
	Time = []
	Transparent = true
	ValidateSchema = false
	Version = 1.3.0
	ViewParams = [{AMENITIES='a2luZGVyZ2FydGVu'}]
	Width = 1831
2019-11-15 10:29:34,759 INFO [geoserver.wms] - 
Request: getMap
	Angle = 0.0
	BaseUrl = http://localhost:80/geoserver/
	Bbox = SRSEnvelope[-972219.2833590942 : -963472.0209347092, 5040140.60092496 : 5046910.055242467]
	BgColor = java.awt.Color[r=255,g=255,b=255]
	Buffer = 0
	CQLFilter = null
	Crs = PROJCS["WGS 84 / Pseudo-Mercator", 
  GEOGCS["WGS 84", 
    DATUM["World Geodetic System 1984", 
      SPHEROID["WGS 84", 6378137.0, 298.257223563, AUTHORITY["EPSG","7030"]], 
      AUTHORITY["EPSG","6326"]], 
    PRIMEM["Greenwich", 0.0, AUTHORITY["EPSG","8901"]], 
    UNIT["degree", 0.017453292519943295], 
    AXIS["Geodetic latitude", NORTH], 
    AXIS["Geodetic longitude", EAST], 
    AUTHORITY["EPSG","4326"]], 
  PROJECTION["Popular Visualisation Pseudo Mercator", AUTHORITY["EPSG","1024"]], 
  PARAMETER["semi_minor", 6378137.0], 
  PARAMETER["latitude_of_origin", 0.0], 
  PARAMETER["central_meridian", 0.0], 
  PARAMETER["scale_factor", 1.0], 
  PARAMETER["false_easting", 0.0], 
  PARAMETER["false_northing", 0.0], 
  UNIT["m", 1.0], 
  AXIS["Easting", EAST], 
  AXIS["Northing", NORTH], 
  AUTHORITY["EPSG","3857"]]
	Elevation = []
	Env = {}
	Exceptions = SE_XML
	FeatureId = null
	FeatureVersion = null
	Filter = null
	Filters = null
	Format = image/png
	FormatOptions = {}
	Get = true
	Height = 1417
	Interpolations = []
	Layers = [org.geoserver.wms.MapLayerInfo@da92413b]
	MaxFeatures = null
	Palette = null
	RawKvp = {REQUEST=GetMap, FORMAT=image/png, CRS=EPSG:3857, BBOX=-972219.2833590942,5040140.60092496,-963472.0209347092,5046910.055242467, VERSION=1.3.0, STYLES=, SERVICE=WMS, WIDTH=1831, HEIGHT=1417, TRANSPARENT=true, LAYERS=cite:study_area}
	RemoteOwsType = null
	RemoteOwsURL = null
	Request = GetMap
	RequestCharset = UTF-8
	ScaleMethod = null
	Sld = null
	SldBody = null
	SldVersion = null
	SortBy = null
	SortByArrays = null
	SRS = urn:ogc:def:crs:EPSG:3857
	StartIndex = null
	StyleBody = null
	StyleFormat = sld
	Styles = [StyleImpl[ name=boundary_style]]
	StyleUrl = null
	StyleVersion = null
	Tiled = false
	TilesOrigin = null
	Time = []
	Transparent = true
	ValidateSchema = false
	Version = 1.3.0
	ViewParams = null
	Width = 1831
2019-11-15 10:29:34,900 INFO [geoserver.wms] - 
Request: getMap
	Angle = 0.0
	BaseUrl = http://localhost:80/geoserver/
	Bbox = SRSEnvelope[-972219.2833590942 : -963472.0209347092, 5040140.60092496 : 5046910.055242467]
	BgColor = java.awt.Color[r=255,g=255,b=255]
	Buffer = 0
	CQLFilter = null
	Crs = PROJCS["WGS 84 / Pseudo-Mercator", 
  GEOGCS["WGS 84", 
    DATUM["World Geodetic System 1984", 
      SPHEROID["WGS 84", 6378137.0, 298.257223563, AUTHORITY["EPSG","7030"]], 
      AUTHORITY["EPSG","6326"]], 
    PRIMEM["Greenwich", 0.0, AUTHORITY["EPSG","8901"]], 
    UNIT["degree", 0.017453292519943295], 
    AXIS["Geodetic latitude", NORTH], 
    AXIS["Geodetic longitude", EAST], 
    AUTHORITY["EPSG","4326"]], 
  PROJECTION["Popular Visualisation Pseudo Mercator", AUTHORITY["EPSG","1024"]], 
  PARAMETER["semi_minor", 6378137.0], 
  PARAMETER["latitude_of_origin", 0.0], 
  PARAMETER["central_meridian", 0.0], 
  PARAMETER["scale_factor", 1.0], 
  PARAMETER["false_easting", 0.0], 
  PARAMETER["false_northing", 0.0], 
  UNIT["m", 1.0], 
  AXIS["Easting", EAST], 
  AXIS["Northing", NORTH], 
  AUTHORITY["EPSG","3857"]]
	Elevation = []
	Env = {}
	Exceptions = SE_XML
	FeatureId = null
	FeatureVersion = null
	Filter = null
	Filters = null
	Format = image/png
	FormatOptions = {}
	Get = true
	Height = 1417
	Interpolations = []
	Layers = [org.geoserver.wms.MapLayerInfo@9c7a011e]
	MaxFeatures = null
	Palette = null
	RawKvp = {REQUEST=GetMap, FORMAT=image/png, CRS=EPSG:3857, BBOX=-972219.2833590942,5040140.60092496,-963472.0209347092,5046910.055242467, VERSION=1.3.0, STYLES=, SERVICE=WMS, WIDTH=1831, HEIGHT=1417, TRANSPARENT=true, LAYERS=cite:heatmap_population}
	RemoteOwsType = null
	RemoteOwsURL = null
	Request = GetMap
	RequestCharset = UTF-8
	ScaleMethod = null
	Sld = null
	SldBody = null
	SldVersion = null
	SortBy = null
	SortByArrays = null
	SRS = urn:ogc:def:crs:EPSG:3857
	StartIndex = null
	StyleBody = null
	StyleFormat = sld
	Styles = [StyleImpl[ name=style_heatmap_population]]
	StyleUrl = null
	StyleVersion = null
	Tiled = false
	TilesOrigin = null
	Time = []
	Transparent = true
	ValidateSchema = false
	Version = 1.3.0
	ViewParams = null
	Width = 1831
2019-11-15 10:29:40,478 INFO [geoserver.wms] - 
Request: getServiceInfo
2019-11-15 10:29:40,484 INFO [geoserver.wms] - 
Request: getServiceInfo
2019-11-15 10:29:40,501 INFO [geoserver.wms] - 
Request: getServiceInfo
2019-11-15 10:29:41,299 INFO [geoserver.wms] - 
Request: getMap
	Angle = 0.0
	BaseUrl = http://localhost:80/geoserver/
	Bbox = SRSEnvelope[-998439.5727180435 : -928461.4733229646, 5019543.21045924 : 5073660.626485145]
	BgColor = java.awt.Color[r=255,g=255,b=255]
	Buffer = 0
	CQLFilter = null
	Crs = PROJCS["WGS 84 / Pseudo-Mercator", 
  GEOGCS["WGS 84", 
    DATUM["World Geodetic System 1984", 
      SPHEROID["WGS 84", 6378137.0, 298.257223563, AUTHORITY["EPSG","7030"]], 
      AUTHORITY["EPSG","6326"]], 
    PRIMEM["Greenwich", 0.0, AUTHORITY["EPSG","8901"]], 
    UNIT["degree", 0.017453292519943295], 
    AXIS["Geodetic latitude", NORTH], 
    AXIS["Geodetic longitude", EAST], 
    AUTHORITY["EPSG","4326"]], 
  PROJECTION["Popular Visualisation Pseudo Mercator", AUTHORITY["EPSG","1024"]], 
  PARAMETER["semi_minor", 6378137.0], 
  PARAMETER["latitude_of_origin", 0.0], 
  PARAMETER["central_meridian", 0.0], 
  PARAMETER["scale_factor", 1.0], 
  PARAMETER["false_easting", 0.0], 
  PARAMETER["false_northing", 0.0], 
  UNIT["m", 1.0], 
  AXIS["Easting", EAST], 
  AXIS["Northing", NORTH], 
  AUTHORITY["EPSG","3857"]]
	Elevation = []
	Env = {}
	Exceptions = SE_XML
	FeatureId = null
	FeatureVersion = null
	Filter = null
	Filters = null
	Format = image/png
	FormatOptions = {}
	Get = true
	Height = 1416
	Interpolations = []
	Layers = [org.geoserver.wms.MapLayerInfo@6cc4b680]
	MaxFeatures = null
	Palette = null
	RawKvp = {REQUEST=GetMap, FORMAT=image/png, CRS=EPSG:3857, BBOX=-998439.5727180435,5019543.21045924,-928461.4733229646,5073660.626485145, VIEWPARAMS=amenities:'a2luZGVyZ2FydGVu', VERSION=1.3.0, STYLES=, SERVICE=WMS, WIDTH=1831, HEIGHT=1416, TRANSPARENT=true, LAYERS=cite:pois_info}
	RemoteOwsType = null
	RemoteOwsURL = null
	Request = GetMap
	RequestCharset = UTF-8
	ScaleMethod = null
	Sld = null
	SldBody = null
	SldVersion = null
	SortBy = null
	SortByArrays = null
	SRS = urn:ogc:def:crs:EPSG:3857
	StartIndex = null
	StyleBody = null
	StyleFormat = sld
	Styles = [StyleImpl[ name=pois]]
	StyleUrl = null
	StyleVersion = null
	Tiled = false
	TilesOrigin = null
	Time = []
	Transparent = true
	ValidateSchema = false
	Version = 1.3.0
	ViewParams = [{AMENITIES='a2luZGVyZ2FydGVu'}]
	Width = 1831
2019-11-15 10:29:41,322 INFO [geoserver.wms] - 
Request: getMap
	Angle = 0.0
	BaseUrl = http://localhost:80/geoserver/
	Bbox = SRSEnvelope[-998439.5727180435 : -928461.4733229646, 5019543.21045924 : 5073660.626485145]
	BgColor = java.awt.Color[r=255,g=255,b=255]
	Buffer = 0
	CQLFilter = null
	Crs = PROJCS["WGS 84 / Pseudo-Mercator", 
  GEOGCS["WGS 84", 
    DATUM["World Geodetic System 1984", 
      SPHEROID["WGS 84", 6378137.0, 298.257223563, AUTHORITY["EPSG","7030"]], 
      AUTHORITY["EPSG","6326"]], 
    PRIMEM["Greenwich", 0.0, AUTHORITY["EPSG","8901"]], 
    UNIT["degree", 0.017453292519943295], 
    AXIS["Geodetic latitude", NORTH], 
    AXIS["Geodetic longitude", EAST], 
    AUTHORITY["EPSG","4326"]], 
  PROJECTION["Popular Visualisation Pseudo Mercator", AUTHORITY["EPSG","1024"]], 
  PARAMETER["semi_minor", 6378137.0], 
  PARAMETER["latitude_of_origin", 0.0], 
  PARAMETER["central_meridian", 0.0], 
  PARAMETER["scale_factor", 1.0], 
  PARAMETER["false_easting", 0.0], 
  PARAMETER["false_northing", 0.0], 
  UNIT["m", 1.0], 
  AXIS["Easting", EAST], 
  AXIS["Northing", NORTH], 
  AUTHORITY["EPSG","3857"]]
	Elevation = []
	Env = {}
	Exceptions = SE_XML
	FeatureId = null
	FeatureVersion = null
	Filter = null
	Filters = null
	Format = image/png
	FormatOptions = {}
	Get = true
	Height = 1416
	Interpolations = []
	Layers = [org.geoserver.wms.MapLayerInfo@da92413b]
	MaxFeatures = null
	Palette = null
	RawKvp = {REQUEST=GetMap, FORMAT=image/png, CRS=EPSG:3857, BBOX=-998439.5727180435,5019543.21045924,-928461.4733229646,5073660.626485145, VERSION=1.3.0, STYLES=, SERVICE=WMS, WIDTH=1831, HEIGHT=1416, TRANSPARENT=true, LAYERS=cite:study_area}
	RemoteOwsType = null
	RemoteOwsURL = null
	Request = GetMap
	RequestCharset = UTF-8
	ScaleMethod = null
	Sld = null
	SldBody = null
	SldVersion = null
	SortBy = null
	SortByArrays = null
	SRS = urn:ogc:def:crs:EPSG:3857
	StartIndex = null
	StyleBody = null
	StyleFormat = sld
	Styles = [StyleImpl[ name=boundary_style]]
	StyleUrl = null
	StyleVersion = null
	Tiled = false
	TilesOrigin = null
	Time = []
	Transparent = true
	ValidateSchema = false
	Version = 1.3.0
	ViewParams = null
	Width = 1831
2019-11-15 10:29:41,365 INFO [geoserver.wms] - 
Request: getMap
	Angle = 0.0
	BaseUrl = http://localhost:80/geoserver/
	Bbox = SRSEnvelope[-998439.5727180435 : -928461.4733229646, 5019543.21045924 : 5073660.626485145]
	BgColor = java.awt.Color[r=255,g=255,b=255]
	Buffer = 0
	CQLFilter = null
	Crs = PROJCS["WGS 84 / Pseudo-Mercator", 
  GEOGCS["WGS 84", 
    DATUM["World Geodetic System 1984", 
      SPHEROID["WGS 84", 6378137.0, 298.257223563, AUTHORITY["EPSG","7030"]], 
      AUTHORITY["EPSG","6326"]], 
    PRIMEM["Greenwich", 0.0, AUTHORITY["EPSG","8901"]], 
    UNIT["degree", 0.017453292519943295], 
    AXIS["Geodetic latitude", NORTH], 
    AXIS["Geodetic longitude", EAST], 
    AUTHORITY["EPSG","4326"]], 
  PROJECTION["Popular Visualisation Pseudo Mercator", AUTHORITY["EPSG","1024"]], 
  PARAMETER["semi_minor", 6378137.0], 
  PARAMETER["latitude_of_origin", 0.0], 
  PARAMETER["central_meridian", 0.0], 
  PARAMETER["scale_factor", 1.0], 
  PARAMETER["false_easting", 0.0], 
  PARAMETER["false_northing", 0.0], 
  UNIT["m", 1.0], 
  AXIS["Easting", EAST], 
  AXIS["Northing", NORTH], 
  AUTHORITY["EPSG","3857"]]
	Elevation = []
	Env = {}
	Exceptions = SE_XML
	FeatureId = null
	FeatureVersion = null
	Filter = null
	Filters = null
	Format = image/png
	FormatOptions = {}
	Get = true
	Height = 1416
	Interpolations = []
	Layers = [org.geoserver.wms.MapLayerInfo@9c7a011e]
	MaxFeatures = null
	Palette = null
	RawKvp = {REQUEST=GetMap, FORMAT=image/png, CRS=EPSG:3857, BBOX=-998439.5727180435,5019543.21045924,-928461.4733229646,5073660.626485145, VERSION=1.3.0, STYLES=, SERVICE=WMS, WIDTH=1831, HEIGHT=1416, TRANSPARENT=true, LAYERS=cite:heatmap_population}
	RemoteOwsType = null
	RemoteOwsURL = null
	Request = GetMap
	RequestCharset = UTF-8
	ScaleMethod = null
	Sld = null
	SldBody = null
	SldVersion = null
	SortBy = null
	SortByArrays = null
	SRS = urn:ogc:def:crs:EPSG:3857
	StartIndex = null
	StyleBody = null
	StyleFormat = sld
	Styles = [StyleImpl[ name=style_heatmap_population]]
	StyleUrl = null
	StyleVersion = null
	Tiled = false
	TilesOrigin = null
	Time = []
	Transparent = true
	ValidateSchema = false
	Version = 1.3.0
	ViewParams = null
	Width = 1831
2019-11-15 10:29:41,789 INFO [geoserver.wms] - 
Request: getServiceInfo
2019-11-15 10:29:41,805 INFO [geoserver.wms] - 
Request: getServiceInfo
2019-11-15 10:29:41,808 INFO [geoserver.wms] - 
Request: getServiceInfo
2019-11-15 10:29:42,401 INFO [geoserver.wms] - 
Request: getMap
	Angle = 0.0
	BaseUrl = http://localhost:80/geoserver/
	Bbox = SRSEnvelope[-982512.00694912 : -947522.9572515804, 5031419.6137290485 : 5058497.430999072]
	BgColor = java.awt.Color[r=255,g=255,b=255]
	Buffer = 0
	CQLFilter = null
	Crs = PROJCS["WGS 84 / Pseudo-Mercator", 
  GEOGCS["WGS 84", 
    DATUM["World Geodetic System 1984", 
      SPHEROID["WGS 84", 6378137.0, 298.257223563, AUTHORITY["EPSG","7030"]], 
      AUTHORITY["EPSG","6326"]], 
    PRIMEM["Greenwich", 0.0, AUTHORITY["EPSG","8901"]], 
    UNIT["degree", 0.017453292519943295], 
    AXIS["Geodetic latitude", NORTH], 
    AXIS["Geodetic longitude", EAST], 
    AUTHORITY["EPSG","4326"]], 
  PROJECTION["Popular Visualisation Pseudo Mercator", AUTHORITY["EPSG","1024"]], 
  PARAMETER["semi_minor", 6378137.0], 
  PARAMETER["latitude_of_origin", 0.0], 
  PARAMETER["central_meridian", 0.0], 
  PARAMETER["scale_factor", 1.0], 
  PARAMETER["false_easting", 0.0], 
  PARAMETER["false_northing", 0.0], 
  UNIT["m", 1.0], 
  AXIS["Easting", EAST], 
  AXIS["Northing", NORTH], 
  AUTHORITY["EPSG","3857"]]
	Elevation = []
	Env = {}
	Exceptions = SE_XML
	FeatureId = null
	FeatureVersion = null
	Filter = null
	Filters = null
	Format = image/png
	FormatOptions = {}
	Get = true
	Height = 1417
	Interpolations = []
	Layers = [org.geoserver.wms.MapLayerInfo@da92413b]
	MaxFeatures = null
	Palette = null
	RawKvp = {REQUEST=GetMap, FORMAT=image/png, CRS=EPSG:3857, BBOX=-982512.00694912,5031419.6137290485,-947522.9572515804,5058497.430999072, VERSION=1.3.0, STYLES=, SERVICE=WMS, WIDTH=1831, HEIGHT=1417, TRANSPARENT=true, LAYERS=cite:study_area}
	RemoteOwsType = null
	RemoteOwsURL = null
	Request = GetMap
	RequestCharset = UTF-8
	ScaleMethod = null
	Sld = null
	SldBody = null
	SldVersion = null
	SortBy = null
	SortByArrays = null
	SRS = urn:ogc:def:crs:EPSG:3857
	StartIndex = null
	StyleBody = null
	StyleFormat = sld
	Styles = [StyleImpl[ name=boundary_style]]
	StyleUrl = null
	StyleVersion = null
	Tiled = false
	TilesOrigin = null
	Time = []
	Transparent = true
	ValidateSchema = false
	Version = 1.3.0
	ViewParams = null
	Width = 1831
2019-11-15 10:29:42,432 INFO [geoserver.wms] - 
Request: getMap
	Angle = 0.0
	BaseUrl = http://localhost:80/geoserver/
	Bbox = SRSEnvelope[-982512.00694912 : -947522.9572515804, 5031419.6137290485 : 5058497.430999072]
	BgColor = java.awt.Color[r=255,g=255,b=255]
	Buffer = 0
	CQLFilter = null
	Crs = PROJCS["WGS 84 / Pseudo-Mercator", 
  GEOGCS["WGS 84", 
    DATUM["World Geodetic System 1984", 
      SPHEROID["WGS 84", 6378137.0, 298.257223563, AUTHORITY["EPSG","7030"]], 
      AUTHORITY["EPSG","6326"]], 
    PRIMEM["Greenwich", 0.0, AUTHORITY["EPSG","8901"]], 
    UNIT["degree", 0.017453292519943295], 
    AXIS["Geodetic latitude", NORTH], 
    AXIS["Geodetic longitude", EAST], 
    AUTHORITY["EPSG","4326"]], 
  PROJECTION["Popular Visualisation Pseudo Mercator", AUTHORITY["EPSG","1024"]], 
  PARAMETER["semi_minor", 6378137.0], 
  PARAMETER["latitude_of_origin", 0.0], 
  PARAMETER["central_meridian", 0.0], 
  PARAMETER["scale_factor", 1.0], 
  PARAMETER["false_easting", 0.0], 
  PARAMETER["false_northing", 0.0], 
  UNIT["m", 1.0], 
  AXIS["Easting", EAST], 
  AXIS["Northing", NORTH], 
  AUTHORITY["EPSG","3857"]]
	Elevation = []
	Env = {}
	Exceptions = SE_XML
	FeatureId = null
	FeatureVersion = null
	Filter = null
	Filters = null
	Format = image/png
	FormatOptions = {}
	Get = true
	Height = 1417
	Interpolations = []
	Layers = [org.geoserver.wms.MapLayerInfo@9c7a011e]
	MaxFeatures = null
	Palette = null
	RawKvp = {REQUEST=GetMap, FORMAT=image/png, CRS=EPSG:3857, BBOX=-982512.00694912,5031419.6137290485,-947522.9572515804,5058497.430999072, VERSION=1.3.0, STYLES=, SERVICE=WMS, WIDTH=1831, HEIGHT=1417, TRANSPARENT=true, LAYERS=cite:heatmap_population}
	RemoteOwsType = null
	RemoteOwsURL = null
	Request = GetMap
	RequestCharset = UTF-8
	ScaleMethod = null
	Sld = null
	SldBody = null
	SldVersion = null
	SortBy = null
	SortByArrays = null
	SRS = urn:ogc:def:crs:EPSG:3857
	StartIndex = null
	StyleBody = null
	StyleFormat = sld
	Styles = [StyleImpl[ name=style_heatmap_population]]
	StyleUrl = null
	StyleVersion = null
	Tiled = false
	TilesOrigin = null
	Time = []
	Transparent = true
	ValidateSchema = false
	Version = 1.3.0
	ViewParams = null
	Width = 1831
2019-11-15 10:29:42,518 INFO [geoserver.wms] - 
Request: getMap
	Angle = 0.0
	BaseUrl = http://localhost:80/geoserver/
	Bbox = SRSEnvelope[-982512.00694912 : -947522.9572515804, 5031419.6137290485 : 5058497.430999072]
	BgColor = java.awt.Color[r=255,g=255,b=255]
	Buffer = 0
	CQLFilter = null
	Crs = PROJCS["WGS 84 / Pseudo-Mercator", 
  GEOGCS["WGS 84", 
    DATUM["World Geodetic System 1984", 
      SPHEROID["WGS 84", 6378137.0, 298.257223563, AUTHORITY["EPSG","7030"]], 
      AUTHORITY["EPSG","6326"]], 
    PRIMEM["Greenwich", 0.0, AUTHORITY["EPSG","8901"]], 
    UNIT["degree", 0.017453292519943295], 
    AXIS["Geodetic latitude", NORTH], 
    AXIS["Geodetic longitude", EAST], 
    AUTHORITY["EPSG","4326"]], 
  PROJECTION["Popular Visualisation Pseudo Mercator", AUTHORITY["EPSG","1024"]], 
  PARAMETER["semi_minor", 6378137.0], 
  PARAMETER["latitude_of_origin", 0.0], 
  PARAMETER["central_meridian", 0.0], 
  PARAMETER["scale_factor", 1.0], 
  PARAMETER["false_easting", 0.0], 
  PARAMETER["false_northing", 0.0], 
  UNIT["m", 1.0], 
  AXIS["Easting", EAST], 
  AXIS["Northing", NORTH], 
  AUTHORITY["EPSG","3857"]]
	Elevation = []
	Env = {}
	Exceptions = SE_XML
	FeatureId = null
	FeatureVersion = null
	Filter = null
	Filters = null
	Format = image/png
	FormatOptions = {}
	Get = true
	Height = 1417
	Interpolations = []
	Layers = [org.geoserver.wms.MapLayerInfo@6cc4b680]
	MaxFeatures = null
	Palette = null
	RawKvp = {REQUEST=GetMap, FORMAT=image/png, CRS=EPSG:3857, BBOX=-982512.00694912,5031419.6137290485,-947522.9572515804,5058497.430999072, VIEWPARAMS=amenities:'a2luZGVyZ2FydGVu', VERSION=1.3.0, STYLES=, SERVICE=WMS, WIDTH=1831, HEIGHT=1417, TRANSPARENT=true, LAYERS=cite:pois_info}
	RemoteOwsType = null
	RemoteOwsURL = null
	Request = GetMap
	RequestCharset = UTF-8
	ScaleMethod = null
	Sld = null
	SldBody = null
	SldVersion = null
	SortBy = null
	SortByArrays = null
	SRS = urn:ogc:def:crs:EPSG:3857
	StartIndex = null
	StyleBody = null
	StyleFormat = sld
	Styles = [StyleImpl[ name=pois]]
	StyleUrl = null
	StyleVersion = null
	Tiled = false
	TilesOrigin = null
	Time = []
	Transparent = true
	ValidateSchema = false
	Version = 1.3.0
	ViewParams = [{AMENITIES='a2luZGVyZ2FydGVu'}]
	Width = 1831
2019-11-15 10:40:49,013 INFO [geoserver.wms] - 
Request: getServiceInfo
2019-11-15 10:40:49,092 INFO [geoserver.wms] - 
Request: getServiceInfo
2019-11-15 10:40:49,095 INFO [geoserver.wms] - 
Request: getServiceInfo
2019-11-15 10:40:49,128 INFO [geoserver.wms] - 
Request: getMap
	Angle = 0.0
	BaseUrl = http://localhost:80/geoserver/
	Bbox = SRSEnvelope[-995573.1841573494 : -925595.0847622706, 5018855.277204673 : 5072972.693230578]
	BgColor = java.awt.Color[r=255,g=255,b=255]
	Buffer = 0
	CQLFilter = null
	Crs = PROJCS["WGS 84 / Pseudo-Mercator", 
  GEOGCS["WGS 84", 
    DATUM["World Geodetic System 1984", 
      SPHEROID["WGS 84", 6378137.0, 298.257223563, AUTHORITY["EPSG","7030"]], 
      AUTHORITY["EPSG","6326"]], 
    PRIMEM["Greenwich", 0.0, AUTHORITY["EPSG","8901"]], 
    UNIT["degree", 0.017453292519943295], 
    AXIS["Geodetic latitude", NORTH], 
    AXIS["Geodetic longitude", EAST], 
    AUTHORITY["EPSG","4326"]], 
  PROJECTION["Popular Visualisation Pseudo Mercator", AUTHORITY["EPSG","1024"]], 
  PARAMETER["semi_minor", 6378137.0], 
  PARAMETER["latitude_of_origin", 0.0], 
  PARAMETER["central_meridian", 0.0], 
  PARAMETER["scale_factor", 1.0], 
  PARAMETER["false_easting", 0.0], 
  PARAMETER["false_northing", 0.0], 
  UNIT["m", 1.0], 
  AXIS["Easting", EAST], 
  AXIS["Northing", NORTH], 
  AUTHORITY["EPSG","3857"]]
	Elevation = []
	Env = {}
	Exceptions = SE_XML
	FeatureId = null
	FeatureVersion = null
	Filter = null
	Filters = null
	Format = image/png
	FormatOptions = {}
	Get = true
	Height = 1416
	Interpolations = []
	Layers = [org.geoserver.wms.MapLayerInfo@6cc4b680]
	MaxFeatures = null
	Palette = null
	RawKvp = {REQUEST=GetMap, FORMAT=image/png, CRS=EPSG:3857, BBOX=-995573.1841573494,5018855.277204673,-925595.0847622706,5072972.693230578, VIEWPARAMS=amenities:'a2luZGVyZ2FydGVu', VERSION=1.3.0, STYLES=, SERVICE=WMS, WIDTH=1831, HEIGHT=1416, TRANSPARENT=true, LAYERS=cite:pois_info}
	RemoteOwsType = null
	RemoteOwsURL = null
	Request = GetMap
	RequestCharset = UTF-8
	ScaleMethod = null
	Sld = null
	SldBody = null
	SldVersion = null
	SortBy = null
	SortByArrays = null
	SRS = urn:ogc:def:crs:EPSG:3857
	StartIndex = null
	StyleBody = null
	StyleFormat = sld
	Styles = [StyleImpl[ name=pois]]
	StyleUrl = null
	StyleVersion = null
	Tiled = false
	TilesOrigin = null
	Time = []
	Transparent = true
	ValidateSchema = false
	Version = 1.3.0
	ViewParams = [{AMENITIES='a2luZGVyZ2FydGVu'}]
	Width = 1831
2019-11-15 10:40:49,477 INFO [geoserver.wms] - 
Request: getMap
	Angle = 0.0
	BaseUrl = http://localhost:80/geoserver/
	Bbox = SRSEnvelope[-995573.1841573494 : -925595.0847622706, 5018855.277204673 : 5072972.693230578]
	BgColor = java.awt.Color[r=255,g=255,b=255]
	Buffer = 0
	CQLFilter = null
	Crs = PROJCS["WGS 84 / Pseudo-Mercator", 
  GEOGCS["WGS 84", 
    DATUM["World Geodetic System 1984", 
      SPHEROID["WGS 84", 6378137.0, 298.257223563, AUTHORITY["EPSG","7030"]], 
      AUTHORITY["EPSG","6326"]], 
    PRIMEM["Greenwich", 0.0, AUTHORITY["EPSG","8901"]], 
    UNIT["degree", 0.017453292519943295], 
    AXIS["Geodetic latitude", NORTH], 
    AXIS["Geodetic longitude", EAST], 
    AUTHORITY["EPSG","4326"]], 
  PROJECTION["Popular Visualisation Pseudo Mercator", AUTHORITY["EPSG","1024"]], 
  PARAMETER["semi_minor", 6378137.0], 
  PARAMETER["latitude_of_origin", 0.0], 
  PARAMETER["central_meridian", 0.0], 
  PARAMETER["scale_factor", 1.0], 
  PARAMETER["false_easting", 0.0], 
  PARAMETER["false_northing", 0.0], 
  UNIT["m", 1.0], 
  AXIS["Easting", EAST], 
  AXIS["Northing", NORTH], 
  AUTHORITY["EPSG","3857"]]
	Elevation = []
	Env = {}
	Exceptions = SE_XML
	FeatureId = null
	FeatureVersion = null
	Filter = null
	Filters = null
	Format = image/png
	FormatOptions = {}
	Get = true
	Height = 1416
	Interpolations = []
	Layers = [org.geoserver.wms.MapLayerInfo@da92413b]
	MaxFeatures = null
	Palette = null
	RawKvp = {REQUEST=GetMap, FORMAT=image/png, CRS=EPSG:3857, BBOX=-995573.1841573494,5018855.277204673,-925595.0847622706,5072972.693230578, VERSION=1.3.0, STYLES=, SERVICE=WMS, WIDTH=1831, HEIGHT=1416, TRANSPARENT=true, LAYERS=cite:study_area}
	RemoteOwsType = null
	RemoteOwsURL = null
	Request = GetMap
	RequestCharset = UTF-8
	ScaleMethod = null
	Sld = null
	SldBody = null
	SldVersion = null
	SortBy = null
	SortByArrays = null
	SRS = urn:ogc:def:crs:EPSG:3857
	StartIndex = null
	StyleBody = null
	StyleFormat = sld
	Styles = [StyleImpl[ name=boundary_style]]
	StyleUrl = null
	StyleVersion = null
	Tiled = false
	TilesOrigin = null
	Time = []
	Transparent = true
	ValidateSchema = false
	Version = 1.3.0
	ViewParams = null
	Width = 1831
2019-11-15 10:40:49,576 INFO [geoserver.wms] - 
Request: getMap
	Angle = 0.0
	BaseUrl = http://localhost:80/geoserver/
	Bbox = SRSEnvelope[-995573.1841573494 : -925595.0847622706, 5018855.277204673 : 5072972.693230578]
	BgColor = java.awt.Color[r=255,g=255,b=255]
	Buffer = 0
	CQLFilter = null
	Crs = PROJCS["WGS 84 / Pseudo-Mercator", 
  GEOGCS["WGS 84", 
    DATUM["World Geodetic System 1984", 
      SPHEROID["WGS 84", 6378137.0, 298.257223563, AUTHORITY["EPSG","7030"]], 
      AUTHORITY["EPSG","6326"]], 
    PRIMEM["Greenwich", 0.0, AUTHORITY["EPSG","8901"]], 
    UNIT["degree", 0.017453292519943295], 
    AXIS["Geodetic latitude", NORTH], 
    AXIS["Geodetic longitude", EAST], 
    AUTHORITY["EPSG","4326"]], 
  PROJECTION["Popular Visualisation Pseudo Mercator", AUTHORITY["EPSG","1024"]], 
  PARAMETER["semi_minor", 6378137.0], 
  PARAMETER["latitude_of_origin", 0.0], 
  PARAMETER["central_meridian", 0.0], 
  PARAMETER["scale_factor", 1.0], 
  PARAMETER["false_easting", 0.0], 
  PARAMETER["false_northing", 0.0], 
  UNIT["m", 1.0], 
  AXIS["Easting", EAST], 
  AXIS["Northing", NORTH], 
  AUTHORITY["EPSG","3857"]]
	Elevation = []
	Env = {}
	Exceptions = SE_XML
	FeatureId = null
	FeatureVersion = null
	Filter = null
	Filters = null
	Format = image/png
	FormatOptions = {}
	Get = true
	Height = 1416
	Interpolations = []
	Layers = [org.geoserver.wms.MapLayerInfo@9c7a011e]
	MaxFeatures = null
	Palette = null
	RawKvp = {REQUEST=GetMap, FORMAT=image/png, CRS=EPSG:3857, BBOX=-995573.1841573494,5018855.277204673,-925595.0847622706,5072972.693230578, VERSION=1.3.0, STYLES=, SERVICE=WMS, WIDTH=1831, HEIGHT=1416, TRANSPARENT=true, LAYERS=cite:heatmap_population}
	RemoteOwsType = null
	RemoteOwsURL = null
	Request = GetMap
	RequestCharset = UTF-8
	ScaleMethod = null
	Sld = null
	SldBody = null
	SldVersion = null
	SortBy = null
	SortByArrays = null
	SRS = urn:ogc:def:crs:EPSG:3857
	StartIndex = null
	StyleBody = null
	StyleFormat = sld
	Styles = [StyleImpl[ name=style_heatmap_population]]
	StyleUrl = null
	StyleVersion = null
	Tiled = false
	TilesOrigin = null
	Time = []
	Transparent = true
	ValidateSchema = false
	Version = 1.3.0
	ViewParams = null
	Width = 1831
2019-11-15 10:40:50,777 INFO [geoserver.wms] - 
Request: getServiceInfo
2019-11-15 10:40:50,796 INFO [geoserver.wms] - 
Request: getServiceInfo
2019-11-15 10:40:50,798 INFO [geoserver.wms] - 
Request: getServiceInfo
2019-11-15 10:40:51,004 INFO [geoserver.wms] - 
Request: getMap
	Angle = 0.0
	BaseUrl = http://localhost:80/geoserver/
	Bbox = SRSEnvelope[-982320.9143784071 : -947331.8646808675, 5027655.090086004 : 5054732.9073560275]
	BgColor = java.awt.Color[r=255,g=255,b=255]
	Buffer = 0
	CQLFilter = null
	Crs = PROJCS["WGS 84 / Pseudo-Mercator", 
  GEOGCS["WGS 84", 
    DATUM["World Geodetic System 1984", 
      SPHEROID["WGS 84", 6378137.0, 298.257223563, AUTHORITY["EPSG","7030"]], 
      AUTHORITY["EPSG","6326"]], 
    PRIMEM["Greenwich", 0.0, AUTHORITY["EPSG","8901"]], 
    UNIT["degree", 0.017453292519943295], 
    AXIS["Geodetic latitude", NORTH], 
    AXIS["Geodetic longitude", EAST], 
    AUTHORITY["EPSG","4326"]], 
  PROJECTION["Popular Visualisation Pseudo Mercator", AUTHORITY["EPSG","1024"]], 
  PARAMETER["semi_minor", 6378137.0], 
  PARAMETER["latitude_of_origin", 0.0], 
  PARAMETER["central_meridian", 0.0], 
  PARAMETER["scale_factor", 1.0], 
  PARAMETER["false_easting", 0.0], 
  PARAMETER["false_northing", 0.0], 
  UNIT["m", 1.0], 
  AXIS["Easting", EAST], 
  AXIS["Northing", NORTH], 
  AUTHORITY["EPSG","3857"]]
	Elevation = []
	Env = {}
	Exceptions = SE_XML
	FeatureId = null
	FeatureVersion = null
	Filter = null
	Filters = null
	Format = image/png
	FormatOptions = {}
	Get = true
	Height = 1417
	Interpolations = []
	Layers = [org.geoserver.wms.MapLayerInfo@da92413b]
	MaxFeatures = null
	Palette = null
	RawKvp = {REQUEST=GetMap, FORMAT=image/png, CRS=EPSG:3857, BBOX=-982320.9143784071,5027655.090086004,-947331.8646808675,5054732.9073560275, VERSION=1.3.0, STYLES=, SERVICE=WMS, WIDTH=1831, HEIGHT=1417, TRANSPARENT=true, LAYERS=cite:study_area}
	RemoteOwsType = null
	RemoteOwsURL = null
	Request = GetMap
	RequestCharset = UTF-8
	ScaleMethod = null
	Sld = null
	SldBody = null
	SldVersion = null
	SortBy = null
	SortByArrays = null
	SRS = urn:ogc:def:crs:EPSG:3857
	StartIndex = null
	StyleBody = null
	StyleFormat = sld
	Styles = [StyleImpl[ name=boundary_style]]
	StyleUrl = null
	StyleVersion = null
	Tiled = false
	TilesOrigin = null
	Time = []
	Transparent = true
	ValidateSchema = false
	Version = 1.3.0
	ViewParams = null
	Width = 1831
2019-11-15 10:40:51,109 INFO [geoserver.wms] - 
Request: getMap
	Angle = 0.0
	BaseUrl = http://localhost:80/geoserver/
	Bbox = SRSEnvelope[-982320.9143784071 : -947331.8646808675, 5027655.090086004 : 5054732.9073560275]
	BgColor = java.awt.Color[r=255,g=255,b=255]
	Buffer = 0
	CQLFilter = null
	Crs = PROJCS["WGS 84 / Pseudo-Mercator", 
  GEOGCS["WGS 84", 
    DATUM["World Geodetic System 1984", 
      SPHEROID["WGS 84", 6378137.0, 298.257223563, AUTHORITY["EPSG","7030"]], 
      AUTHORITY["EPSG","6326"]], 
    PRIMEM["Greenwich", 0.0, AUTHORITY["EPSG","8901"]], 
    UNIT["degree", 0.017453292519943295], 
    AXIS["Geodetic latitude", NORTH], 
    AXIS["Geodetic longitude", EAST], 
    AUTHORITY["EPSG","4326"]], 
  PROJECTION["Popular Visualisation Pseudo Mercator", AUTHORITY["EPSG","1024"]], 
  PARAMETER["semi_minor", 6378137.0], 
  PARAMETER["latitude_of_origin", 0.0], 
  PARAMETER["central_meridian", 0.0], 
  PARAMETER["scale_factor", 1.0], 
  PARAMETER["false_easting", 0.0], 
  PARAMETER["false_northing", 0.0], 
  UNIT["m", 1.0], 
  AXIS["Easting", EAST], 
  AXIS["Northing", NORTH], 
  AUTHORITY["EPSG","3857"]]
	Elevation = []
	Env = {}
	Exceptions = SE_XML
	FeatureId = null
	FeatureVersion = null
	Filter = null
	Filters = null
	Format = image/png
	FormatOptions = {}
	Get = true
	Height = 1417
	Interpolations = []
	Layers = [org.geoserver.wms.MapLayerInfo@6cc4b680]
	MaxFeatures = null
	Palette = null
	RawKvp = {REQUEST=GetMap, FORMAT=image/png, CRS=EPSG:3857, BBOX=-982320.9143784071,5027655.090086004,-947331.8646808675,5054732.9073560275, VIEWPARAMS=amenities:'a2luZGVyZ2FydGVu', VERSION=1.3.0, STYLES=, SERVICE=WMS, WIDTH=1831, HEIGHT=1417, TRANSPARENT=true, LAYERS=cite:pois_info}
	RemoteOwsType = null
	RemoteOwsURL = null
	Request = GetMap
	RequestCharset = UTF-8
	ScaleMethod = null
	Sld = null
	SldBody = null
	SldVersion = null
	SortBy = null
	SortByArrays = null
	SRS = urn:ogc:def:crs:EPSG:3857
	StartIndex = null
	StyleBody = null
	StyleFormat = sld
	Styles = [StyleImpl[ name=pois]]
	StyleUrl = null
	StyleVersion = null
	Tiled = false
	TilesOrigin = null
	Time = []
	Transparent = true
	ValidateSchema = false
	Version = 1.3.0
	ViewParams = [{AMENITIES='a2luZGVyZ2FydGVu'}]
	Width = 1831
2019-11-15 10:40:51,160 INFO [geoserver.wms] - 
Request: getMap
	Angle = 0.0
	BaseUrl = http://localhost:80/geoserver/
	Bbox = SRSEnvelope[-982320.9143784071 : -947331.8646808675, 5027655.090086004 : 5054732.9073560275]
	BgColor = java.awt.Color[r=255,g=255,b=255]
	Buffer = 0
	CQLFilter = null
	Crs = PROJCS["WGS 84 / Pseudo-Mercator", 
  GEOGCS["WGS 84", 
    DATUM["World Geodetic System 1984", 
      SPHEROID["WGS 84", 6378137.0, 298.257223563, AUTHORITY["EPSG","7030"]], 
      AUTHORITY["EPSG","6326"]], 
    PRIMEM["Greenwich", 0.0, AUTHORITY["EPSG","8901"]], 
    UNIT["degree", 0.017453292519943295], 
    AXIS["Geodetic latitude", NORTH], 
    AXIS["Geodetic longitude", EAST], 
    AUTHORITY["EPSG","4326"]], 
  PROJECTION["Popular Visualisation Pseudo Mercator", AUTHORITY["EPSG","1024"]], 
  PARAMETER["semi_minor", 6378137.0], 
  PARAMETER["latitude_of_origin", 0.0], 
  PARAMETER["central_meridian", 0.0], 
  PARAMETER["scale_factor", 1.0], 
  PARAMETER["false_easting", 0.0], 
  PARAMETER["false_northing", 0.0], 
  UNIT["m", 1.0], 
  AXIS["Easting", EAST], 
  AXIS["Northing", NORTH], 
  AUTHORITY["EPSG","3857"]]
	Elevation = []
	Env = {}
	Exceptions = SE_XML
	FeatureId = null
	FeatureVersion = null
	Filter = null
	Filters = null
	Format = image/png
	FormatOptions = {}
	Get = true
	Height = 1417
	Interpolations = []
	Layers = [org.geoserver.wms.MapLayerInfo@9c7a011e]
	MaxFeatures = null
	Palette = null
	RawKvp = {REQUEST=GetMap, FORMAT=image/png, CRS=EPSG:3857, BBOX=-982320.9143784071,5027655.090086004,-947331.8646808675,5054732.9073560275, VERSION=1.3.0, STYLES=, SERVICE=WMS, WIDTH=1831, HEIGHT=1417, TRANSPARENT=true, LAYERS=cite:heatmap_population}
	RemoteOwsType = null
	RemoteOwsURL = null
	Request = GetMap
	RequestCharset = UTF-8
	ScaleMethod = null
	Sld = null
	SldBody = null
	SldVersion = null
	SortBy = null
	SortByArrays = null
	SRS = urn:ogc:def:crs:EPSG:3857
	StartIndex = null
	StyleBody = null
	StyleFormat = sld
	Styles = [StyleImpl[ name=style_heatmap_population]]
	StyleUrl = null
	StyleVersion = null
	Tiled = false
	TilesOrigin = null
	Time = []
	Transparent = true
	ValidateSchema = false
	Version = 1.3.0
	ViewParams = null
	Width = 1831
2019-11-15 10:40:51,629 INFO [geoserver.wms] - 
Request: getServiceInfo
2019-11-15 10:40:51,638 INFO [geoserver.wms] - 
Request: getServiceInfo
2019-11-15 10:40:51,645 INFO [geoserver.wms] - 
Request: getServiceInfo
2019-11-15 10:40:51,797 INFO [geoserver.wms] - 
Request: getMap
	Angle = 0.0
	BaseUrl = http://localhost:80/geoserver/
	Bbox = SRSEnvelope[-973912.8412670376 : -956427.8710468035, 5034720.737888115 : 5048259.646523126]
	BgColor = java.awt.Color[r=255,g=255,b=255]
	Buffer = 0
	CQLFilter = null
	Crs = PROJCS["WGS 84 / Pseudo-Mercator", 
  GEOGCS["WGS 84", 
    DATUM["World Geodetic System 1984", 
      SPHEROID["WGS 84", 6378137.0, 298.257223563, AUTHORITY["EPSG","7030"]], 
      AUTHORITY["EPSG","6326"]], 
    PRIMEM["Greenwich", 0.0, AUTHORITY["EPSG","8901"]], 
    UNIT["degree", 0.017453292519943295], 
    AXIS["Geodetic latitude", NORTH], 
    AXIS["Geodetic longitude", EAST], 
    AUTHORITY["EPSG","4326"]], 
  PROJECTION["Popular Visualisation Pseudo Mercator", AUTHORITY["EPSG","1024"]], 
  PARAMETER["semi_minor", 6378137.0], 
  PARAMETER["latitude_of_origin", 0.0], 
  PARAMETER["central_meridian", 0.0], 
  PARAMETER["scale_factor", 1.0], 
  PARAMETER["false_easting", 0.0], 
  PARAMETER["false_northing", 0.0], 
  UNIT["m", 1.0], 
  AXIS["Easting", EAST], 
  AXIS["Northing", NORTH], 
  AUTHORITY["EPSG","3857"]]
	Elevation = []
	Env = {}
	Exceptions = SE_XML
	FeatureId = null
	FeatureVersion = null
	Filter = null
	Filters = null
	Format = image/png
	FormatOptions = {}
	Get = true
	Height = 1417
	Interpolations = []
	Layers = [org.geoserver.wms.MapLayerInfo@da92413b]
	MaxFeatures = null
	Palette = null
	RawKvp = {REQUEST=GetMap, FORMAT=image/png, CRS=EPSG:3857, BBOX=-973912.8412670376,5034720.737888115,-956427.8710468035,5048259.646523126, VERSION=1.3.0, STYLES=, SERVICE=WMS, WIDTH=1830, HEIGHT=1417, TRANSPARENT=true, LAYERS=cite:study_area}
	RemoteOwsType = null
	RemoteOwsURL = null
	Request = GetMap
	RequestCharset = UTF-8
	ScaleMethod = null
	Sld = null
	SldBody = null
	SldVersion = null
	SortBy = null
	SortByArrays = null
	SRS = urn:ogc:def:crs:EPSG:3857
	StartIndex = null
	StyleBody = null
	StyleFormat = sld
	Styles = [StyleImpl[ name=boundary_style]]
	StyleUrl = null
	StyleVersion = null
	Tiled = false
	TilesOrigin = null
	Time = []
	Transparent = true
	ValidateSchema = false
	Version = 1.3.0
	ViewParams = null
	Width = 1830
2019-11-15 10:40:51,813 INFO [geoserver.wms] - 
Request: getMap
	Angle = 0.0
	BaseUrl = http://localhost:80/geoserver/
	Bbox = SRSEnvelope[-973912.8412670376 : -956427.8710468035, 5034720.737888115 : 5048259.646523126]
	BgColor = java.awt.Color[r=255,g=255,b=255]
	Buffer = 0
	CQLFilter = null
	Crs = PROJCS["WGS 84 / Pseudo-Mercator", 
  GEOGCS["WGS 84", 
    DATUM["World Geodetic System 1984", 
      SPHEROID["WGS 84", 6378137.0, 298.257223563, AUTHORITY["EPSG","7030"]], 
      AUTHORITY["EPSG","6326"]], 
    PRIMEM["Greenwich", 0.0, AUTHORITY["EPSG","8901"]], 
    UNIT["degree", 0.017453292519943295], 
    AXIS["Geodetic latitude", NORTH], 
    AXIS["Geodetic longitude", EAST], 
    AUTHORITY["EPSG","4326"]], 
  PROJECTION["Popular Visualisation Pseudo Mercator", AUTHORITY["EPSG","1024"]], 
  PARAMETER["semi_minor", 6378137.0], 
  PARAMETER["latitude_of_origin", 0.0], 
  PARAMETER["central_meridian", 0.0], 
  PARAMETER["scale_factor", 1.0], 
  PARAMETER["false_easting", 0.0], 
  PARAMETER["false_northing", 0.0], 
  UNIT["m", 1.0], 
  AXIS["Easting", EAST], 
  AXIS["Northing", NORTH], 
  AUTHORITY["EPSG","3857"]]
	Elevation = []
	Env = {}
	Exceptions = SE_XML
	FeatureId = null
	FeatureVersion = null
	Filter = null
	Filters = null
	Format = image/png
	FormatOptions = {}
	Get = true
	Height = 1417
	Interpolations = []
	Layers = [org.geoserver.wms.MapLayerInfo@6cc4b680]
	MaxFeatures = null
	Palette = null
	RawKvp = {REQUEST=GetMap, FORMAT=image/png, CRS=EPSG:3857, BBOX=-973912.8412670376,5034720.737888115,-956427.8710468035,5048259.646523126, VIEWPARAMS=amenities:'a2luZGVyZ2FydGVu', VERSION=1.3.0, STYLES=, SERVICE=WMS, WIDTH=1830, HEIGHT=1417, TRANSPARENT=true, LAYERS=cite:pois_info}
	RemoteOwsType = null
	RemoteOwsURL = null
	Request = GetMap
	RequestCharset = UTF-8
	ScaleMethod = null
	Sld = null
	SldBody = null
	SldVersion = null
	SortBy = null
	SortByArrays = null
	SRS = urn:ogc:def:crs:EPSG:3857
	StartIndex = null
	StyleBody = null
	StyleFormat = sld
	Styles = [StyleImpl[ name=pois]]
	StyleUrl = null
	StyleVersion = null
	Tiled = false
	TilesOrigin = null
	Time = []
	Transparent = true
	ValidateSchema = false
	Version = 1.3.0
	ViewParams = [{AMENITIES='a2luZGVyZ2FydGVu'}]
	Width = 1830
2019-11-15 10:40:51,876 INFO [geoserver.wms] - 
Request: getMap
	Angle = 0.0
	BaseUrl = http://localhost:80/geoserver/
	Bbox = SRSEnvelope[-973912.8412670376 : -956427.8710468035, 5034720.737888115 : 5048259.646523126]
	BgColor = java.awt.Color[r=255,g=255,b=255]
	Buffer = 0
	CQLFilter = null
	Crs = PROJCS["WGS 84 / Pseudo-Mercator", 
  GEOGCS["WGS 84", 
    DATUM["World Geodetic System 1984", 
      SPHEROID["WGS 84", 6378137.0, 298.257223563, AUTHORITY["EPSG","7030"]], 
      AUTHORITY["EPSG","6326"]], 
    PRIMEM["Greenwich", 0.0, AUTHORITY["EPSG","8901"]], 
    UNIT["degree", 0.017453292519943295], 
    AXIS["Geodetic latitude", NORTH], 
    AXIS["Geodetic longitude", EAST], 
    AUTHORITY["EPSG","4326"]], 
  PROJECTION["Popular Visualisation Pseudo Mercator", AUTHORITY["EPSG","1024"]], 
  PARAMETER["semi_minor", 6378137.0], 
  PARAMETER["latitude_of_origin", 0.0], 
  PARAMETER["central_meridian", 0.0], 
  PARAMETER["scale_factor", 1.0], 
  PARAMETER["false_easting", 0.0], 
  PARAMETER["false_northing", 0.0], 
  UNIT["m", 1.0], 
  AXIS["Easting", EAST], 
  AXIS["Northing", NORTH], 
  AUTHORITY["EPSG","3857"]]
	Elevation = []
	Env = {}
	Exceptions = SE_XML
	FeatureId = null
	FeatureVersion = null
	Filter = null
	Filters = null
	Format = image/png
	FormatOptions = {}
	Get = true
	Height = 1417
	Interpolations = []
	Layers = [org.geoserver.wms.MapLayerInfo@9c7a011e]
	MaxFeatures = null
	Palette = null
	RawKvp = {REQUEST=GetMap, FORMAT=image/png, CRS=EPSG:3857, BBOX=-973912.8412670376,5034720.737888115,-956427.8710468035,5048259.646523126, VERSION=1.3.0, STYLES=, SERVICE=WMS, WIDTH=1830, HEIGHT=1417, TRANSPARENT=true, LAYERS=cite:heatmap_population}
	RemoteOwsType = null
	RemoteOwsURL = null
	Request = GetMap
	RequestCharset = UTF-8
	ScaleMethod = null
	Sld = null
	SldBody = null
	SldVersion = null
	SortBy = null
	SortByArrays = null
	SRS = urn:ogc:def:crs:EPSG:3857
	StartIndex = null
	StyleBody = null
	StyleFormat = sld
	Styles = [StyleImpl[ name=style_heatmap_population]]
	StyleUrl = null
	StyleVersion = null
	Tiled = false
	TilesOrigin = null
	Time = []
	Transparent = true
	ValidateSchema = false
	Version = 1.3.0
	ViewParams = null
	Width = 1830
2019-11-15 10:40:53,955 INFO [geoserver.wms] - 
Request: getServiceInfo
2019-11-15 10:40:53,958 INFO [geoserver.wms] - 
Request: getServiceInfo
2019-11-15 10:40:53,984 INFO [geoserver.wms] - 
Request: getServiceInfo
2019-11-15 10:40:54,202 INFO [geoserver.wms] - 
Request: getMap
	Angle = 0.0
	BaseUrl = http://localhost:80/geoserver/
	Bbox = SRSEnvelope[-970415.8472229907 : -952930.8770027567, 5035657.091484608 : 5049196.000119619]
	BgColor = java.awt.Color[r=255,g=255,b=255]
	Buffer = 0
	CQLFilter = null
	Crs = PROJCS["WGS 84 / Pseudo-Mercator", 
  GEOGCS["WGS 84", 
    DATUM["World Geodetic System 1984", 
      SPHEROID["WGS 84", 6378137.0, 298.257223563, AUTHORITY["EPSG","7030"]], 
      AUTHORITY["EPSG","6326"]], 
    PRIMEM["Greenwich", 0.0, AUTHORITY["EPSG","8901"]], 
    UNIT["degree", 0.017453292519943295], 
    AXIS["Geodetic latitude", NORTH], 
    AXIS["Geodetic longitude", EAST], 
    AUTHORITY["EPSG","4326"]], 
  PROJECTION["Popular Visualisation Pseudo Mercator", AUTHORITY["EPSG","1024"]], 
  PARAMETER["semi_minor", 6378137.0], 
  PARAMETER["latitude_of_origin", 0.0], 
  PARAMETER["central_meridian", 0.0], 
  PARAMETER["scale_factor", 1.0], 
  PARAMETER["false_easting", 0.0], 
  PARAMETER["false_northing", 0.0], 
  UNIT["m", 1.0], 
  AXIS["Easting", EAST], 
  AXIS["Northing", NORTH], 
  AUTHORITY["EPSG","3857"]]
	Elevation = []
	Env = {}
	Exceptions = SE_XML
	FeatureId = null
	FeatureVersion = null
	Filter = null
	Filters = null
	Format = image/png
	FormatOptions = {}
	Get = true
	Height = 1417
	Interpolations = []
	Layers = [org.geoserver.wms.MapLayerInfo@6cc4b680]
	MaxFeatures = null
	Palette = null
	RawKvp = {REQUEST=GetMap, FORMAT=image/png, CRS=EPSG:3857, BBOX=-970415.8472229907,5035657.091484608,-952930.8770027567,5049196.000119619, VIEWPARAMS=amenities:'a2luZGVyZ2FydGVu', VERSION=1.3.0, STYLES=, SERVICE=WMS, WIDTH=1830, HEIGHT=1417, TRANSPARENT=true, LAYERS=cite:pois_info}
	RemoteOwsType = null
	RemoteOwsURL = null
	Request = GetMap
	RequestCharset = UTF-8
	ScaleMethod = null
	Sld = null
	SldBody = null
	SldVersion = null
	SortBy = null
	SortByArrays = null
	SRS = urn:ogc:def:crs:EPSG:3857
	StartIndex = null
	StyleBody = null
	StyleFormat = sld
	Styles = [StyleImpl[ name=pois]]
	StyleUrl = null
	StyleVersion = null
	Tiled = false
	TilesOrigin = null
	Time = []
	Transparent = true
	ValidateSchema = false
	Version = 1.3.0
	ViewParams = [{AMENITIES='a2luZGVyZ2FydGVu'}]
	Width = 1830
2019-11-15 10:40:54,214 INFO [geoserver.wms] - 
Request: getMap
	Angle = 0.0
	BaseUrl = http://localhost:80/geoserver/
	Bbox = SRSEnvelope[-970415.8472229907 : -952930.8770027567, 5035657.091484608 : 5049196.000119619]
	BgColor = java.awt.Color[r=255,g=255,b=255]
	Buffer = 0
	CQLFilter = null
	Crs = PROJCS["WGS 84 / Pseudo-Mercator", 
  GEOGCS["WGS 84", 
    DATUM["World Geodetic System 1984", 
      SPHEROID["WGS 84", 6378137.0, 298.257223563, AUTHORITY["EPSG","7030"]], 
      AUTHORITY["EPSG","6326"]], 
    PRIMEM["Greenwich", 0.0, AUTHORITY["EPSG","8901"]], 
    UNIT["degree", 0.017453292519943295], 
    AXIS["Geodetic latitude", NORTH], 
    AXIS["Geodetic longitude", EAST], 
    AUTHORITY["EPSG","4326"]], 
  PROJECTION["Popular Visualisation Pseudo Mercator", AUTHORITY["EPSG","1024"]], 
  PARAMETER["semi_minor", 6378137.0], 
  PARAMETER["latitude_of_origin", 0.0], 
  PARAMETER["central_meridian", 0.0], 
  PARAMETER["scale_factor", 1.0], 
  PARAMETER["false_easting", 0.0], 
  PARAMETER["false_northing", 0.0], 
  UNIT["m", 1.0], 
  AXIS["Easting", EAST], 
  AXIS["Northing", NORTH], 
  AUTHORITY["EPSG","3857"]]
	Elevation = []
	Env = {}
	Exceptions = SE_XML
	FeatureId = null
	FeatureVersion = null
	Filter = null
	Filters = null
	Format = image/png
	FormatOptions = {}
	Get = true
	Height = 1417
	Interpolations = []
	Layers = [org.geoserver.wms.MapLayerInfo@da92413b]
	MaxFeatures = null
	Palette = null
	RawKvp = {REQUEST=GetMap, FORMAT=image/png, CRS=EPSG:3857, BBOX=-970415.8472229907,5035657.091484608,-952930.8770027567,5049196.000119619, VERSION=1.3.0, STYLES=, SERVICE=WMS, WIDTH=1830, HEIGHT=1417, TRANSPARENT=true, LAYERS=cite:study_area}
	RemoteOwsType = null
	RemoteOwsURL = null
	Request = GetMap
	RequestCharset = UTF-8
	ScaleMethod = null
	Sld = null
	SldBody = null
	SldVersion = null
	SortBy = null
	SortByArrays = null
	SRS = urn:ogc:def:crs:EPSG:3857
	StartIndex = null
	StyleBody = null
	StyleFormat = sld
	Styles = [StyleImpl[ name=boundary_style]]
	StyleUrl = null
	StyleVersion = null
	Tiled = false
	TilesOrigin = null
	Time = []
	Transparent = true
	ValidateSchema = false
	Version = 1.3.0
	ViewParams = null
	Width = 1830
2019-11-15 10:40:54,440 INFO [geoserver.wms] - 
Request: getMap
	Angle = 0.0
	BaseUrl = http://localhost:80/geoserver/
	Bbox = SRSEnvelope[-970415.8472229907 : -952930.8770027567, 5035657.091484608 : 5049196.000119619]
	BgColor = java.awt.Color[r=255,g=255,b=255]
	Buffer = 0
	CQLFilter = null
	Crs = PROJCS["WGS 84 / Pseudo-Mercator", 
  GEOGCS["WGS 84", 
    DATUM["World Geodetic System 1984", 
      SPHEROID["WGS 84", 6378137.0, 298.257223563, AUTHORITY["EPSG","7030"]], 
      AUTHORITY["EPSG","6326"]], 
    PRIMEM["Greenwich", 0.0, AUTHORITY["EPSG","8901"]], 
    UNIT["degree", 0.017453292519943295], 
    AXIS["Geodetic latitude", NORTH], 
    AXIS["Geodetic longitude", EAST], 
    AUTHORITY["EPSG","4326"]], 
  PROJECTION["Popular Visualisation Pseudo Mercator", AUTHORITY["EPSG","1024"]], 
  PARAMETER["semi_minor", 6378137.0], 
  PARAMETER["latitude_of_origin", 0.0], 
  PARAMETER["central_meridian", 0.0], 
  PARAMETER["scale_factor", 1.0], 
  PARAMETER["false_easting", 0.0], 
  PARAMETER["false_northing", 0.0], 
  UNIT["m", 1.0], 
  AXIS["Easting", EAST], 
  AXIS["Northing", NORTH], 
  AUTHORITY["EPSG","3857"]]
	Elevation = []
	Env = {}
	Exceptions = SE_XML
	FeatureId = null
	FeatureVersion = null
	Filter = null
	Filters = null
	Format = image/png
	FormatOptions = {}
	Get = true
	Height = 1417
	Interpolations = []
	Layers = [org.geoserver.wms.MapLayerInfo@9c7a011e]
	MaxFeatures = null
	Palette = null
	RawKvp = {REQUEST=GetMap, FORMAT=image/png, CRS=EPSG:3857, BBOX=-970415.8472229907,5035657.091484608,-952930.8770027567,5049196.000119619, VERSION=1.3.0, STYLES=, SERVICE=WMS, WIDTH=1830, HEIGHT=1417, TRANSPARENT=true, LAYERS=cite:heatmap_population}
	RemoteOwsType = null
	RemoteOwsURL = null
	Request = GetMap
	RequestCharset = UTF-8
	ScaleMethod = null
	Sld = null
	SldBody = null
	SldVersion = null
	SortBy = null
	SortByArrays = null
	SRS = urn:ogc:def:crs:EPSG:3857
	StartIndex = null
	StyleBody = null
	StyleFormat = sld
	Styles = [StyleImpl[ name=style_heatmap_population]]
	StyleUrl = null
	StyleVersion = null
	Tiled = false
	TilesOrigin = null
	Time = []
	Transparent = true
	ValidateSchema = false
	Version = 1.3.0
	ViewParams = null
	Width = 1830
2019-11-15 10:40:56,247 INFO [geoserver.wms] - 
Request: getServiceInfo
2019-11-15 10:40:56,252 INFO [geoserver.wms] - 
Request: getServiceInfo
2019-11-15 10:40:56,254 INFO [geoserver.wms] - 
Request: getServiceInfo
2019-11-15 10:40:56,424 INFO [geoserver.wms] - 
Request: getMap
	Angle = 0.0
	BaseUrl = http://localhost:80/geoserver/
	Bbox = SRSEnvelope[-974763.2032067102 : -957278.2329864762, 5035389.56188561 : 5048928.470520621]
	BgColor = java.awt.Color[r=255,g=255,b=255]
	Buffer = 0
	CQLFilter = null
	Crs = PROJCS["WGS 84 / Pseudo-Mercator", 
  GEOGCS["WGS 84", 
    DATUM["World Geodetic System 1984", 
      SPHEROID["WGS 84", 6378137.0, 298.257223563, AUTHORITY["EPSG","7030"]], 
      AUTHORITY["EPSG","6326"]], 
    PRIMEM["Greenwich", 0.0, AUTHORITY["EPSG","8901"]], 
    UNIT["degree", 0.017453292519943295], 
    AXIS["Geodetic latitude", NORTH], 
    AXIS["Geodetic longitude", EAST], 
    AUTHORITY["EPSG","4326"]], 
  PROJECTION["Popular Visualisation Pseudo Mercator", AUTHORITY["EPSG","1024"]], 
  PARAMETER["semi_minor", 6378137.0], 
  PARAMETER["latitude_of_origin", 0.0], 
  PARAMETER["central_meridian", 0.0], 
  PARAMETER["scale_factor", 1.0], 
  PARAMETER["false_easting", 0.0], 
  PARAMETER["false_northing", 0.0], 
  UNIT["m", 1.0], 
  AXIS["Easting", EAST], 
  AXIS["Northing", NORTH], 
  AUTHORITY["EPSG","3857"]]
	Elevation = []
	Env = {}
	Exceptions = SE_XML
	FeatureId = null
	FeatureVersion = null
	Filter = null
	Filters = null
	Format = image/png
	FormatOptions = {}
	Get = true
	Height = 1417
	Interpolations = []
	Layers = [org.geoserver.wms.MapLayerInfo@6cc4b680]
	MaxFeatures = null
	Palette = null
	RawKvp = {REQUEST=GetMap, FORMAT=image/png, CRS=EPSG:3857, BBOX=-974763.2032067102,5035389.56188561,-957278.2329864762,5048928.470520621, VIEWPARAMS=amenities:'a2luZGVyZ2FydGVu', VERSION=1.3.0, STYLES=, SERVICE=WMS, WIDTH=1830, HEIGHT=1417, TRANSPARENT=true, LAYERS=cite:pois_info}
	RemoteOwsType = null
	RemoteOwsURL = null
	Request = GetMap
	RequestCharset = UTF-8
	ScaleMethod = null
	Sld = null
	SldBody = null
	SldVersion = null
	SortBy = null
	SortByArrays = null
	SRS = urn:ogc:def:crs:EPSG:3857
	StartIndex = null
	StyleBody = null
	StyleFormat = sld
	Styles = [StyleImpl[ name=pois]]
	StyleUrl = null
	StyleVersion = null
	Tiled = false
	TilesOrigin = null
	Time = []
	Transparent = true
	ValidateSchema = false
	Version = 1.3.0
	ViewParams = [{AMENITIES='a2luZGVyZ2FydGVu'}]
	Width = 1830
2019-11-15 10:40:56,451 INFO [geoserver.wms] - 
Request: getMap
	Angle = 0.0
	BaseUrl = http://localhost:80/geoserver/
	Bbox = SRSEnvelope[-974763.2032067102 : -957278.2329864762, 5035389.56188561 : 5048928.470520621]
	BgColor = java.awt.Color[r=255,g=255,b=255]
	Buffer = 0
	CQLFilter = null
	Crs = PROJCS["WGS 84 / Pseudo-Mercator", 
  GEOGCS["WGS 84", 
    DATUM["World Geodetic System 1984", 
      SPHEROID["WGS 84", 6378137.0, 298.257223563, AUTHORITY["EPSG","7030"]], 
      AUTHORITY["EPSG","6326"]], 
    PRIMEM["Greenwich", 0.0, AUTHORITY["EPSG","8901"]], 
    UNIT["degree", 0.017453292519943295], 
    AXIS["Geodetic latitude", NORTH], 
    AXIS["Geodetic longitude", EAST], 
    AUTHORITY["EPSG","4326"]], 
  PROJECTION["Popular Visualisation Pseudo Mercator", AUTHORITY["EPSG","1024"]], 
  PARAMETER["semi_minor", 6378137.0], 
  PARAMETER["latitude_of_origin", 0.0], 
  PARAMETER["central_meridian", 0.0], 
  PARAMETER["scale_factor", 1.0], 
  PARAMETER["false_easting", 0.0], 
  PARAMETER["false_northing", 0.0], 
  UNIT["m", 1.0], 
  AXIS["Easting", EAST], 
  AXIS["Northing", NORTH], 
  AUTHORITY["EPSG","3857"]]
	Elevation = []
	Env = {}
	Exceptions = SE_XML
	FeatureId = null
	FeatureVersion = null
	Filter = null
	Filters = null
	Format = image/png
	FormatOptions = {}
	Get = true
	Height = 1417
	Interpolations = []
	Layers = [org.geoserver.wms.MapLayerInfo@da92413b]
	MaxFeatures = null
	Palette = null
	RawKvp = {REQUEST=GetMap, FORMAT=image/png, CRS=EPSG:3857, BBOX=-974763.2032067102,5035389.56188561,-957278.2329864762,5048928.470520621, VERSION=1.3.0, STYLES=, SERVICE=WMS, WIDTH=1830, HEIGHT=1417, TRANSPARENT=true, LAYERS=cite:study_area}
	RemoteOwsType = null
	RemoteOwsURL = null
	Request = GetMap
	RequestCharset = UTF-8
	ScaleMethod = null
	Sld = null
	SldBody = null
	SldVersion = null
	SortBy = null
	SortByArrays = null
	SRS = urn:ogc:def:crs:EPSG:3857
	StartIndex = null
	StyleBody = null
	StyleFormat = sld
	Styles = [StyleImpl[ name=boundary_style]]
	StyleUrl = null
	StyleVersion = null
	Tiled = false
	TilesOrigin = null
	Time = []
	Transparent = true
	ValidateSchema = false
	Version = 1.3.0
	ViewParams = null
	Width = 1830
2019-11-15 10:40:56,529 INFO [geoserver.wms] - 
Request: getMap
	Angle = 0.0
	BaseUrl = http://localhost:80/geoserver/
	Bbox = SRSEnvelope[-974763.2032067102 : -957278.2329864762, 5035389.56188561 : 5048928.470520621]
	BgColor = java.awt.Color[r=255,g=255,b=255]
	Buffer = 0
	CQLFilter = null
	Crs = PROJCS["WGS 84 / Pseudo-Mercator", 
  GEOGCS["WGS 84", 
    DATUM["World Geodetic System 1984", 
      SPHEROID["WGS 84", 6378137.0, 298.257223563, AUTHORITY["EPSG","7030"]], 
      AUTHORITY["EPSG","6326"]], 
    PRIMEM["Greenwich", 0.0, AUTHORITY["EPSG","8901"]], 
    UNIT["degree", 0.017453292519943295], 
    AXIS["Geodetic latitude", NORTH], 
    AXIS["Geodetic longitude", EAST], 
    AUTHORITY["EPSG","4326"]], 
  PROJECTION["Popular Visualisation Pseudo Mercator", AUTHORITY["EPSG","1024"]], 
  PARAMETER["semi_minor", 6378137.0], 
  PARAMETER["latitude_of_origin", 0.0], 
  PARAMETER["central_meridian", 0.0], 
  PARAMETER["scale_factor", 1.0], 
  PARAMETER["false_easting", 0.0], 
  PARAMETER["false_northing", 0.0], 
  UNIT["m", 1.0], 
  AXIS["Easting", EAST], 
  AXIS["Northing", NORTH], 
  AUTHORITY["EPSG","3857"]]
	Elevation = []
	Env = {}
	Exceptions = SE_XML
	FeatureId = null
	FeatureVersion = null
	Filter = null
	Filters = null
	Format = image/png
	FormatOptions = {}
	Get = true
	Height = 1417
	Interpolations = []
	Layers = [org.geoserver.wms.MapLayerInfo@9c7a011e]
	MaxFeatures = null
	Palette = null
	RawKvp = {REQUEST=GetMap, FORMAT=image/png, CRS=EPSG:3857, BBOX=-974763.2032067102,5035389.56188561,-957278.2329864762,5048928.470520621, VERSION=1.3.0, STYLES=, SERVICE=WMS, WIDTH=1830, HEIGHT=1417, TRANSPARENT=true, LAYERS=cite:heatmap_population}
	RemoteOwsType = null
	RemoteOwsURL = null
	Request = GetMap
	RequestCharset = UTF-8
	ScaleMethod = null
	Sld = null
	SldBody = null
	SldVersion = null
	SortBy = null
	SortByArrays = null
	SRS = urn:ogc:def:crs:EPSG:3857
	StartIndex = null
	StyleBody = null
	StyleFormat = sld
	Styles = [StyleImpl[ name=style_heatmap_population]]
	StyleUrl = null
	StyleVersion = null
	Tiled = false
	TilesOrigin = null
	Time = []
	Transparent = true
	ValidateSchema = false
	Version = 1.3.0
	ViewParams = null
	Width = 1830
2019-11-15 10:45:19,241 INFO [geoserver.wms] - 
Request: getServiceInfo
2019-11-15 10:45:19,247 INFO [geoserver.wms] - 
Request: getServiceInfo
2019-11-15 10:45:19,255 INFO [geoserver.wms] - 
Request: getServiceInfo
2019-11-15 10:45:19,493 INFO [geoserver.wms] - 
Request: getMap
	Angle = 0.0
	BaseUrl = http://localhost:80/geoserver/
	Bbox = SRSEnvelope[-971817.988960597 : -963070.726536212, 5041726.669261877 : 5048496.123579384]
	BgColor = java.awt.Color[r=255,g=255,b=255]
	Buffer = 0
	CQLFilter = null
	Crs = PROJCS["WGS 84 / Pseudo-Mercator", 
  GEOGCS["WGS 84", 
    DATUM["World Geodetic System 1984", 
      SPHEROID["WGS 84", 6378137.0, 298.257223563, AUTHORITY["EPSG","7030"]], 
      AUTHORITY["EPSG","6326"]], 
    PRIMEM["Greenwich", 0.0, AUTHORITY["EPSG","8901"]], 
    UNIT["degree", 0.017453292519943295], 
    AXIS["Geodetic latitude", NORTH], 
    AXIS["Geodetic longitude", EAST], 
    AUTHORITY["EPSG","4326"]], 
  PROJECTION["Popular Visualisation Pseudo Mercator", AUTHORITY["EPSG","1024"]], 
  PARAMETER["semi_minor", 6378137.0], 
  PARAMETER["latitude_of_origin", 0.0], 
  PARAMETER["central_meridian", 0.0], 
  PARAMETER["scale_factor", 1.0], 
  PARAMETER["false_easting", 0.0], 
  PARAMETER["false_northing", 0.0], 
  UNIT["m", 1.0], 
  AXIS["Easting", EAST], 
  AXIS["Northing", NORTH], 
  AUTHORITY["EPSG","3857"]]
	Elevation = []
	Env = {}
	Exceptions = SE_XML
	FeatureId = null
	FeatureVersion = null
	Filter = null
	Filters = null
	Format = image/png
	FormatOptions = {}
	Get = true
	Height = 1417
	Interpolations = []
	Layers = [org.geoserver.wms.MapLayerInfo@6cc4b680]
	MaxFeatures = null
	Palette = null
	RawKvp = {REQUEST=GetMap, FORMAT=image/png, CRS=EPSG:3857, BBOX=-971817.988960597,5041726.669261877,-963070.726536212,5048496.123579384, VIEWPARAMS=amenities:'a2luZGVyZ2FydGVu', VERSION=1.3.0, STYLES=, SERVICE=WMS, WIDTH=1831, HEIGHT=1417, TRANSPARENT=true, LAYERS=cite:pois_info}
	RemoteOwsType = null
	RemoteOwsURL = null
	Request = GetMap
	RequestCharset = UTF-8
	ScaleMethod = null
	Sld = null
	SldBody = null
	SldVersion = null
	SortBy = null
	SortByArrays = null
	SRS = urn:ogc:def:crs:EPSG:3857
	StartIndex = null
	StyleBody = null
	StyleFormat = sld
	Styles = [StyleImpl[ name=pois]]
	StyleUrl = null
	StyleVersion = null
	Tiled = false
	TilesOrigin = null
	Time = []
	Transparent = true
	ValidateSchema = false
	Version = 1.3.0
	ViewParams = [{AMENITIES='a2luZGVyZ2FydGVu'}]
	Width = 1831
2019-11-15 10:45:19,559 INFO [geoserver.wms] - 
Request: getMap
	Angle = 0.0
	BaseUrl = http://localhost:80/geoserver/
	Bbox = SRSEnvelope[-971817.988960597 : -963070.726536212, 5041726.669261877 : 5048496.123579384]
	BgColor = java.awt.Color[r=255,g=255,b=255]
	Buffer = 0
	CQLFilter = null
	Crs = PROJCS["WGS 84 / Pseudo-Mercator", 
  GEOGCS["WGS 84", 
    DATUM["World Geodetic System 1984", 
      SPHEROID["WGS 84", 6378137.0, 298.257223563, AUTHORITY["EPSG","7030"]], 
      AUTHORITY["EPSG","6326"]], 
    PRIMEM["Greenwich", 0.0, AUTHORITY["EPSG","8901"]], 
    UNIT["degree", 0.017453292519943295], 
    AXIS["Geodetic latitude", NORTH], 
    AXIS["Geodetic longitude", EAST], 
    AUTHORITY["EPSG","4326"]], 
  PROJECTION["Popular Visualisation Pseudo Mercator", AUTHORITY["EPSG","1024"]], 
  PARAMETER["semi_minor", 6378137.0], 
  PARAMETER["latitude_of_origin", 0.0], 
  PARAMETER["central_meridian", 0.0], 
  PARAMETER["scale_factor", 1.0], 
  PARAMETER["false_easting", 0.0], 
  PARAMETER["false_northing", 0.0], 
  UNIT["m", 1.0], 
  AXIS["Easting", EAST], 
  AXIS["Northing", NORTH], 
  AUTHORITY["EPSG","3857"]]
	Elevation = []
	Env = {}
	Exceptions = SE_XML
	FeatureId = null
	FeatureVersion = null
	Filter = null
	Filters = null
	Format = image/png
	FormatOptions = {}
	Get = true
	Height = 1417
	Interpolations = []
	Layers = [org.geoserver.wms.MapLayerInfo@9c7a011e]
	MaxFeatures = null
	Palette = null
	RawKvp = {REQUEST=GetMap, FORMAT=image/png, CRS=EPSG:3857, BBOX=-971817.988960597,5041726.669261877,-963070.726536212,5048496.123579384, VERSION=1.3.0, STYLES=, SERVICE=WMS, WIDTH=1831, HEIGHT=1417, TRANSPARENT=true, LAYERS=cite:heatmap_population}
	RemoteOwsType = null
	RemoteOwsURL = null
	Request = GetMap
	RequestCharset = UTF-8
	ScaleMethod = null
	Sld = null
	SldBody = null
	SldVersion = null
	SortBy = null
	SortByArrays = null
	SRS = urn:ogc:def:crs:EPSG:3857
	StartIndex = null
	StyleBody = null
	StyleFormat = sld
	Styles = [StyleImpl[ name=style_heatmap_population]]
	StyleUrl = null
	StyleVersion = null
	Tiled = false
	TilesOrigin = null
	Time = []
	Transparent = true
	ValidateSchema = false
	Version = 1.3.0
	ViewParams = null
	Width = 1831
2019-11-15 10:45:19,606 INFO [geoserver.wms] - 
Request: getMap
	Angle = 0.0
	BaseUrl = http://localhost:80/geoserver/
	Bbox = SRSEnvelope[-971817.988960597 : -963070.726536212, 5041726.669261877 : 5048496.123579384]
	BgColor = java.awt.Color[r=255,g=255,b=255]
	Buffer = 0
	CQLFilter = null
	Crs = PROJCS["WGS 84 / Pseudo-Mercator", 
  GEOGCS["WGS 84", 
    DATUM["World Geodetic System 1984", 
      SPHEROID["WGS 84", 6378137.0, 298.257223563, AUTHORITY["EPSG","7030"]], 
      AUTHORITY["EPSG","6326"]], 
    PRIMEM["Greenwich", 0.0, AUTHORITY["EPSG","8901"]], 
    UNIT["degree", 0.017453292519943295], 
    AXIS["Geodetic latitude", NORTH], 
    AXIS["Geodetic longitude", EAST], 
    AUTHORITY["EPSG","4326"]], 
  PROJECTION["Popular Visualisation Pseudo Mercator", AUTHORITY["EPSG","1024"]], 
  PARAMETER["semi_minor", 6378137.0], 
  PARAMETER["latitude_of_origin", 0.0], 
  PARAMETER["central_meridian", 0.0], 
  PARAMETER["scale_factor", 1.0], 
  PARAMETER["false_easting", 0.0], 
  PARAMETER["false_northing", 0.0], 
  UNIT["m", 1.0], 
  AXIS["Easting", EAST], 
  AXIS["Northing", NORTH], 
  AUTHORITY["EPSG","3857"]]
	Elevation = []
	Env = {}
	Exceptions = SE_XML
	FeatureId = null
	FeatureVersion = null
	Filter = null
	Filters = null
	Format = image/png
	FormatOptions = {}
	Get = true
	Height = 1417
	Interpolations = []
	Layers = [org.geoserver.wms.MapLayerInfo@da92413b]
	MaxFeatures = null
	Palette = null
	RawKvp = {REQUEST=GetMap, FORMAT=image/png, CRS=EPSG:3857, BBOX=-971817.988960597,5041726.669261877,-963070.726536212,5048496.123579384, VERSION=1.3.0, STYLES=, SERVICE=WMS, WIDTH=1831, HEIGHT=1417, TRANSPARENT=true, LAYERS=cite:study_area}
	RemoteOwsType = null
	RemoteOwsURL = null
	Request = GetMap
	RequestCharset = UTF-8
	ScaleMethod = null
	Sld = null
	SldBody = null
	SldVersion = null
	SortBy = null
	SortByArrays = null
	SRS = urn:ogc:def:crs:EPSG:3857
	StartIndex = null
	StyleBody = null
	StyleFormat = sld
	Styles = [StyleImpl[ name=boundary_style]]
	StyleUrl = null
	StyleVersion = null
	Tiled = false
	TilesOrigin = null
	Time = []
	Transparent = true
	ValidateSchema = false
	Version = 1.3.0
	ViewParams = null
	Width = 1831
2019-11-15 10:45:19,797 INFO [geoserver.wms] - 
Request: getServiceInfo
2019-11-15 10:45:19,802 INFO [geoserver.wms] - 
Request: getServiceInfo
2019-11-15 10:45:19,885 INFO [geoserver.wms] - 
Request: getServiceInfo
2019-11-15 10:45:20,040 INFO [geoserver.wms] - 
Request: getMap
	Angle = 0.0
	BaseUrl = http://localhost:80/geoserver/
	Bbox = SRSEnvelope[-976186.8428585215 : -958701.8726382875, 5037997.975475842 : 5051536.884110853]
	BgColor = java.awt.Color[r=255,g=255,b=255]
	Buffer = 0
	CQLFilter = null
	Crs = PROJCS["WGS 84 / Pseudo-Mercator", 
  GEOGCS["WGS 84", 
    DATUM["World Geodetic System 1984", 
      SPHEROID["WGS 84", 6378137.0, 298.257223563, AUTHORITY["EPSG","7030"]], 
      AUTHORITY["EPSG","6326"]], 
    PRIMEM["Greenwich", 0.0, AUTHORITY["EPSG","8901"]], 
    UNIT["degree", 0.017453292519943295], 
    AXIS["Geodetic latitude", NORTH], 
    AXIS["Geodetic longitude", EAST], 
    AUTHORITY["EPSG","4326"]], 
  PROJECTION["Popular Visualisation Pseudo Mercator", AUTHORITY["EPSG","1024"]], 
  PARAMETER["semi_minor", 6378137.0], 
  PARAMETER["latitude_of_origin", 0.0], 
  PARAMETER["central_meridian", 0.0], 
  PARAMETER["scale_factor", 1.0], 
  PARAMETER["false_easting", 0.0], 
  PARAMETER["false_northing", 0.0], 
  UNIT["m", 1.0], 
  AXIS["Easting", EAST], 
  AXIS["Northing", NORTH], 
  AUTHORITY["EPSG","3857"]]
	Elevation = []
	Env = {}
	Exceptions = SE_XML
	FeatureId = null
	FeatureVersion = null
	Filter = null
	Filters = null
	Format = image/png
	FormatOptions = {}
	Get = true
	Height = 1417
	Interpolations = []
	Layers = [org.geoserver.wms.MapLayerInfo@6cc4b680]
	MaxFeatures = null
	Palette = null
	RawKvp = {REQUEST=GetMap, FORMAT=image/png, CRS=EPSG:3857, BBOX=-976186.8428585215,5037997.975475842,-958701.8726382875,5051536.884110853, VIEWPARAMS=amenities:'a2luZGVyZ2FydGVu', VERSION=1.3.0, STYLES=, SERVICE=WMS, WIDTH=1830, HEIGHT=1417, TRANSPARENT=true, LAYERS=cite:pois_info}
	RemoteOwsType = null
	RemoteOwsURL = null
	Request = GetMap
	RequestCharset = UTF-8
	ScaleMethod = null
	Sld = null
	SldBody = null
	SldVersion = null
	SortBy = null
	SortByArrays = null
	SRS = urn:ogc:def:crs:EPSG:3857
	StartIndex = null
	StyleBody = null
	StyleFormat = sld
	Styles = [StyleImpl[ name=pois]]
	StyleUrl = null
	StyleVersion = null
	Tiled = false
	TilesOrigin = null
	Time = []
	Transparent = true
	ValidateSchema = false
	Version = 1.3.0
	ViewParams = [{AMENITIES='a2luZGVyZ2FydGVu'}]
	Width = 1830
2019-11-15 10:45:20,043 INFO [geoserver.wms] - 
Request: getMap
	Angle = 0.0
	BaseUrl = http://localhost:80/geoserver/
	Bbox = SRSEnvelope[-976186.8428585215 : -958701.8726382875, 5037997.975475842 : 5051536.884110853]
	BgColor = java.awt.Color[r=255,g=255,b=255]
	Buffer = 0
	CQLFilter = null
	Crs = PROJCS["WGS 84 / Pseudo-Mercator", 
  GEOGCS["WGS 84", 
    DATUM["World Geodetic System 1984", 
      SPHEROID["WGS 84", 6378137.0, 298.257223563, AUTHORITY["EPSG","7030"]], 
      AUTHORITY["EPSG","6326"]], 
    PRIMEM["Greenwich", 0.0, AUTHORITY["EPSG","8901"]], 
    UNIT["degree", 0.017453292519943295], 
    AXIS["Geodetic latitude", NORTH], 
    AXIS["Geodetic longitude", EAST], 
    AUTHORITY["EPSG","4326"]], 
  PROJECTION["Popular Visualisation Pseudo Mercator", AUTHORITY["EPSG","1024"]], 
  PARAMETER["semi_minor", 6378137.0], 
  PARAMETER["latitude_of_origin", 0.0], 
  PARAMETER["central_meridian", 0.0], 
  PARAMETER["scale_factor", 1.0], 
  PARAMETER["false_easting", 0.0], 
  PARAMETER["false_northing", 0.0], 
  UNIT["m", 1.0], 
  AXIS["Easting", EAST], 
  AXIS["Northing", NORTH], 
  AUTHORITY["EPSG","3857"]]
	Elevation = []
	Env = {}
	Exceptions = SE_XML
	FeatureId = null
	FeatureVersion = null
	Filter = null
	Filters = null
	Format = image/png
	FormatOptions = {}
	Get = true
	Height = 1417
	Interpolations = []
	Layers = [org.geoserver.wms.MapLayerInfo@da92413b]
	MaxFeatures = null
	Palette = null
	RawKvp = {REQUEST=GetMap, FORMAT=image/png, CRS=EPSG:3857, BBOX=-976186.8428585215,5037997.975475842,-958701.8726382875,5051536.884110853, VERSION=1.3.0, STYLES=, SERVICE=WMS, WIDTH=1830, HEIGHT=1417, TRANSPARENT=true, LAYERS=cite:study_area}
	RemoteOwsType = null
	RemoteOwsURL = null
	Request = GetMap
	RequestCharset = UTF-8
	ScaleMethod = null
	Sld = null
	SldBody = null
	SldVersion = null
	SortBy = null
	SortByArrays = null
	SRS = urn:ogc:def:crs:EPSG:3857
	StartIndex = null
	StyleBody = null
	StyleFormat = sld
	Styles = [StyleImpl[ name=boundary_style]]
	StyleUrl = null
	StyleVersion = null
	Tiled = false
	TilesOrigin = null
	Time = []
	Transparent = true
	ValidateSchema = false
	Version = 1.3.0
	ViewParams = null
	Width = 1830
2019-11-15 10:45:20,291 INFO [geoserver.wms] - 
Request: getMap
	Angle = 0.0
	BaseUrl = http://localhost:80/geoserver/
	Bbox = SRSEnvelope[-976186.8428585215 : -958701.8726382875, 5037997.975475842 : 5051536.884110853]
	BgColor = java.awt.Color[r=255,g=255,b=255]
	Buffer = 0
	CQLFilter = null
	Crs = PROJCS["WGS 84 / Pseudo-Mercator", 
  GEOGCS["WGS 84", 
    DATUM["World Geodetic System 1984", 
      SPHEROID["WGS 84", 6378137.0, 298.257223563, AUTHORITY["EPSG","7030"]], 
      AUTHORITY["EPSG","6326"]], 
    PRIMEM["Greenwich", 0.0, AUTHORITY["EPSG","8901"]], 
    UNIT["degree", 0.017453292519943295], 
    AXIS["Geodetic latitude", NORTH], 
    AXIS["Geodetic longitude", EAST], 
    AUTHORITY["EPSG","4326"]], 
  PROJECTION["Popular Visualisation Pseudo Mercator", AUTHORITY["EPSG","1024"]], 
  PARAMETER["semi_minor", 6378137.0], 
  PARAMETER["latitude_of_origin", 0.0], 
  PARAMETER["central_meridian", 0.0], 
  PARAMETER["scale_factor", 1.0], 
  PARAMETER["false_easting", 0.0], 
  PARAMETER["false_northing", 0.0], 
  UNIT["m", 1.0], 
  AXIS["Easting", EAST], 
  AXIS["Northing", NORTH], 
  AUTHORITY["EPSG","3857"]]
	Elevation = []
	Env = {}
	Exceptions = SE_XML
	FeatureId = null
	FeatureVersion = null
	Filter = null
	Filters = null
	Format = image/png
	FormatOptions = {}
	Get = true
	Height = 1417
	Interpolations = []
	Layers = [org.geoserver.wms.MapLayerInfo@9c7a011e]
	MaxFeatures = null
	Palette = null
	RawKvp = {REQUEST=GetMap, FORMAT=image/png, CRS=EPSG:3857, BBOX=-976186.8428585215,5037997.975475842,-958701.8726382875,5051536.884110853, VERSION=1.3.0, STYLES=, SERVICE=WMS, WIDTH=1830, HEIGHT=1417, TRANSPARENT=true, LAYERS=cite:heatmap_population}
	RemoteOwsType = null
	RemoteOwsURL = null
	Request = GetMap
	RequestCharset = UTF-8
	ScaleMethod = null
	Sld = null
	SldBody = null
	SldVersion = null
	SortBy = null
	SortByArrays = null
	SRS = urn:ogc:def:crs:EPSG:3857
	StartIndex = null
	StyleBody = null
	StyleFormat = sld
	Styles = [StyleImpl[ name=style_heatmap_population]]
	StyleUrl = null
	StyleVersion = null
	Tiled = false
	TilesOrigin = null
	Time = []
	Transparent = true
	ValidateSchema = false
	Version = 1.3.0
	ViewParams = null
	Width = 1830
2019-11-15 10:45:20,472 INFO [geoserver.wms] - 
Request: getServiceInfo
2019-11-15 10:45:20,481 INFO [geoserver.wms] - 
Request: getServiceInfo
2019-11-15 10:45:20,491 INFO [geoserver.wms] - 
Request: getServiceInfo
2019-11-15 10:45:20,971 INFO [geoserver.wms] - 
Request: getMap
	Angle = 0.0
	BaseUrl = http://localhost:80/geoserver/
	Bbox = SRSEnvelope[-984996.2103683882 : -950007.1606708487, 5030693.46196034 : 5057771.279230364]
	BgColor = java.awt.Color[r=255,g=255,b=255]
	Buffer = 0
	CQLFilter = null
	Crs = PROJCS["WGS 84 / Pseudo-Mercator", 
  GEOGCS["WGS 84", 
    DATUM["World Geodetic System 1984", 
      SPHEROID["WGS 84", 6378137.0, 298.257223563, AUTHORITY["EPSG","7030"]], 
      AUTHORITY["EPSG","6326"]], 
    PRIMEM["Greenwich", 0.0, AUTHORITY["EPSG","8901"]], 
    UNIT["degree", 0.017453292519943295], 
    AXIS["Geodetic latitude", NORTH], 
    AXIS["Geodetic longitude", EAST], 
    AUTHORITY["EPSG","4326"]], 
  PROJECTION["Popular Visualisation Pseudo Mercator", AUTHORITY["EPSG","1024"]], 
  PARAMETER["semi_minor", 6378137.0], 
  PARAMETER["latitude_of_origin", 0.0], 
  PARAMETER["central_meridian", 0.0], 
  PARAMETER["scale_factor", 1.0], 
  PARAMETER["false_easting", 0.0], 
  PARAMETER["false_northing", 0.0], 
  UNIT["m", 1.0], 
  AXIS["Easting", EAST], 
  AXIS["Northing", NORTH], 
  AUTHORITY["EPSG","3857"]]
	Elevation = []
	Env = {}
	Exceptions = SE_XML
	FeatureId = null
	FeatureVersion = null
	Filter = null
	Filters = null
	Format = image/png
	FormatOptions = {}
	Get = true
	Height = 1417
	Interpolations = []
	Layers = [org.geoserver.wms.MapLayerInfo@da92413b]
	MaxFeatures = null
	Palette = null
	RawKvp = {REQUEST=GetMap, FORMAT=image/png, CRS=EPSG:3857, BBOX=-984996.2103683882,5030693.46196034,-950007.1606708487,5057771.279230364, VERSION=1.3.0, STYLES=, SERVICE=WMS, WIDTH=1831, HEIGHT=1417, TRANSPARENT=true, LAYERS=cite:study_area}
	RemoteOwsType = null
	RemoteOwsURL = null
	Request = GetMap
	RequestCharset = UTF-8
	ScaleMethod = null
	Sld = null
	SldBody = null
	SldVersion = null
	SortBy = null
	SortByArrays = null
	SRS = urn:ogc:def:crs:EPSG:3857
	StartIndex = null
	StyleBody = null
	StyleFormat = sld
	Styles = [StyleImpl[ name=boundary_style]]
	StyleUrl = null
	StyleVersion = null
	Tiled = false
	TilesOrigin = null
	Time = []
	Transparent = true
	ValidateSchema = false
	Version = 1.3.0
	ViewParams = null
	Width = 1831
2019-11-15 10:45:20,998 INFO [geoserver.wms] - 
Request: getMap
	Angle = 0.0
	BaseUrl = http://localhost:80/geoserver/
	Bbox = SRSEnvelope[-984996.2103683882 : -950007.1606708487, 5030693.46196034 : 5057771.279230364]
	BgColor = java.awt.Color[r=255,g=255,b=255]
	Buffer = 0
	CQLFilter = null
	Crs = PROJCS["WGS 84 / Pseudo-Mercator", 
  GEOGCS["WGS 84", 
    DATUM["World Geodetic System 1984", 
      SPHEROID["WGS 84", 6378137.0, 298.257223563, AUTHORITY["EPSG","7030"]], 
      AUTHORITY["EPSG","6326"]], 
    PRIMEM["Greenwich", 0.0, AUTHORITY["EPSG","8901"]], 
    UNIT["degree", 0.017453292519943295], 
    AXIS["Geodetic latitude", NORTH], 
    AXIS["Geodetic longitude", EAST], 
    AUTHORITY["EPSG","4326"]], 
  PROJECTION["Popular Visualisation Pseudo Mercator", AUTHORITY["EPSG","1024"]], 
  PARAMETER["semi_minor", 6378137.0], 
  PARAMETER["latitude_of_origin", 0.0], 
  PARAMETER["central_meridian", 0.0], 
  PARAMETER["scale_factor", 1.0], 
  PARAMETER["false_easting", 0.0], 
  PARAMETER["false_northing", 0.0], 
  UNIT["m", 1.0], 
  AXIS["Easting", EAST], 
  AXIS["Northing", NORTH], 
  AUTHORITY["EPSG","3857"]]
	Elevation = []
	Env = {}
	Exceptions = SE_XML
	FeatureId = null
	FeatureVersion = null
	Filter = null
	Filters = null
	Format = image/png
	FormatOptions = {}
	Get = true
	Height = 1417
	Interpolations = []
	Layers = [org.geoserver.wms.MapLayerInfo@9c7a011e]
	MaxFeatures = null
	Palette = null
	RawKvp = {REQUEST=GetMap, FORMAT=image/png, CRS=EPSG:3857, BBOX=-984996.2103683882,5030693.46196034,-950007.1606708487,5057771.279230364, VERSION=1.3.0, STYLES=, SERVICE=WMS, WIDTH=1831, HEIGHT=1417, TRANSPARENT=true, LAYERS=cite:heatmap_population}
	RemoteOwsType = null
	RemoteOwsURL = null
	Request = GetMap
	RequestCharset = UTF-8
	ScaleMethod = null
	Sld = null
	SldBody = null
	SldVersion = null
	SortBy = null
	SortByArrays = null
	SRS = urn:ogc:def:crs:EPSG:3857
	StartIndex = null
	StyleBody = null
	StyleFormat = sld
	Styles = [StyleImpl[ name=style_heatmap_population]]
	StyleUrl = null
	StyleVersion = null
	Tiled = false
	TilesOrigin = null
	Time = []
	Transparent = true
	ValidateSchema = false
	Version = 1.3.0
	ViewParams = null
	Width = 1831
2019-11-15 10:45:21,009 INFO [geoserver.wms] - 
Request: getMap
	Angle = 0.0
	BaseUrl = http://localhost:80/geoserver/
	Bbox = SRSEnvelope[-984996.2103683882 : -950007.1606708487, 5030693.46196034 : 5057771.279230364]
	BgColor = java.awt.Color[r=255,g=255,b=255]
	Buffer = 0
	CQLFilter = null
	Crs = PROJCS["WGS 84 / Pseudo-Mercator", 
  GEOGCS["WGS 84", 
    DATUM["World Geodetic System 1984", 
      SPHEROID["WGS 84", 6378137.0, 298.257223563, AUTHORITY["EPSG","7030"]], 
      AUTHORITY["EPSG","6326"]], 
    PRIMEM["Greenwich", 0.0, AUTHORITY["EPSG","8901"]], 
    UNIT["degree", 0.017453292519943295], 
    AXIS["Geodetic latitude", NORTH], 
    AXIS["Geodetic longitude", EAST], 
    AUTHORITY["EPSG","4326"]], 
  PROJECTION["Popular Visualisation Pseudo Mercator", AUTHORITY["EPSG","1024"]], 
  PARAMETER["semi_minor", 6378137.0], 
  PARAMETER["latitude_of_origin", 0.0], 
  PARAMETER["central_meridian", 0.0], 
  PARAMETER["scale_factor", 1.0], 
  PARAMETER["false_easting", 0.0], 
  PARAMETER["false_northing", 0.0], 
  UNIT["m", 1.0], 
  AXIS["Easting", EAST], 
  AXIS["Northing", NORTH], 
  AUTHORITY["EPSG","3857"]]
	Elevation = []
	Env = {}
	Exceptions = SE_XML
	FeatureId = null
	FeatureVersion = null
	Filter = null
	Filters = null
	Format = image/png
	FormatOptions = {}
	Get = true
	Height = 1417
	Interpolations = []
	Layers = [org.geoserver.wms.MapLayerInfo@6cc4b680]
	MaxFeatures = null
	Palette = null
	RawKvp = {REQUEST=GetMap, FORMAT=image/png, CRS=EPSG:3857, BBOX=-984996.2103683882,5030693.46196034,-950007.1606708487,5057771.279230364, VIEWPARAMS=amenities:'a2luZGVyZ2FydGVu', VERSION=1.3.0, STYLES=, SERVICE=WMS, WIDTH=1831, HEIGHT=1417, TRANSPARENT=true, LAYERS=cite:pois_info}
	RemoteOwsType = null
	RemoteOwsURL = null
	Request = GetMap
	RequestCharset = UTF-8
	ScaleMethod = null
	Sld = null
	SldBody = null
	SldVersion = null
	SortBy = null
	SortByArrays = null
	SRS = urn:ogc:def:crs:EPSG:3857
	StartIndex = null
	StyleBody = null
	StyleFormat = sld
	Styles = [StyleImpl[ name=pois]]
	StyleUrl = null
	StyleVersion = null
	Tiled = false
	TilesOrigin = null
	Time = []
	Transparent = true
	ValidateSchema = false
	Version = 1.3.0
	ViewParams = [{AMENITIES='a2luZGVyZ2FydGVu'}]
	Width = 1831
