1622914129565	geckodriver	INFO	Listening on 127.0.0.1:55935
1622914132691	mozrunner::runner	INFO	Running command: "C:\\Program Files\\Mozilla Firefox\\firefox.exe" "--marionette" "-foreground" "-no-remote" "-profile" "C:\\Users\\sebas\\AppData\\Local\\Temp\\rust_mozprofiletJJfj2"
1622914134309	Marionette	INFO	Marionette enabled
console.warn: SearchSettings: "get: No settings file exists, new profile?" (new NotFoundError("Could not open the file at C:\\Users\\sebas\\AppData\\Local\\Temp\\rust_mozprofiletJJfj2\\search.json.mozlz4", (void 0)))
1622914139606	Marionette	INFO	Listening on port 55943
1622914139746	Marionette	WARN	TLS certificate errors will be ignored for this session
JavaScript error: , line 0: NS_ERROR_NOT_AVAILABLE
1622927056964	Marionette	INFO	Stopped listening on port 55943

###!!! [Child][RunMessage] Error: Channel closing: too late to send/recv, messages will be lost

 "C:\\Users\\sebas\\AppData\\Local\\Temp\\rust_mozprofile0DVT7Z"
1622914146780	Marionette	INFO	Marionette enabled
console.warn: SearchSettings: "get: No settings file exists, new profile?" (new NotFoundError("Could not open the file at C:\\Users\\sebas\\AppData\\Local\\Temp\\rust_mozprofile0DVT7Z\\search.json.mozlz4", (void 0)))
1622914151314	Marionette	INFO	Listening on port 56003
1622914151445	Marionette	WARN	TLS certificate errors will be ignored for this session
[Parent 1748, IPC I/O Parent] WARNING: file /builds/worker/checkouts/gecko/ipc/chromium/src/base/process_util_win.cc:167
[Parent 1748, IPC I/O Parent] WARNING: file /builds/worker/checkouts/gecko/ipc/chromium/src/base/process_util_win.cc:167
1622927052811	Marionette	INFO	Stopped listening on port 56003

###!!! [Child][RunMessage] Error: Channel closing: too late to send/recv, messages will be lost

1622927395165	geckodriver	INFO	Listening on 127.0.0.1:62954
1622927398215	mozrunner::runner	INFO	Running command: "C:\\Program Files\\Mozilla Firefox\\firefox.exe" "--marionette" "-foreground" "-no-remote" "-profile" "C:\\Users\\sebas\\AppData\\Local\\Temp\\rust_mozprofileUiOJ3p"
1622927399038	Marionette	INFO	Marionette enabled
console.warn: SearchSettings: "get: No settings file exists, new profile?" (new NotFoundError("Could not open the file at C:\\Users\\sebas\\AppData\\Local\\Temp\\rust_mozprofileUiOJ3p\\search.json.mozlz4", (void 0)))
1622927406442	Marionette	INFO	Listening on port 62962
1622927406737	Marionette	WARN	TLS certificate errors will be ignored for this session
1622930665031	Marionette	INFO	Stopped listening on port 62962

###!!! [Child][RunMessage] Error: Channel closing: too late to send/recv, messages will be lost

